2017/09/14 11:02:04 [error] [php] Undefined offset: 0 (/backup/test/var/www/html/pms/protected/controllers/Admin_DashboardController.php:788)
Stack trace:
#0 /backup/test/var/www/html/pms/framework/web/CController.php(286): Admin_DashboardController->runAction()
#1 /backup/test/var/www/html/pms/framework/web/CController.php(265): Admin_DashboardController->runActionWithFilters()
#2 /backup/test/var/www/html/pms/framework/web/CWebApplication.php(282): Admin_DashboardController->run()
#3 /backup/test/var/www/html/pms/framework/web/CWebApplication.php(141): CWebApplication->runController()
#4 /backup/test/var/www/html/pms/framework/base/CApplication.php(185): CWebApplication->processRequest()
#5 /backup/test/var/www/html/pms/index.php(14): CWebApplication->run()
REQUEST_URI=/pms/index.php?r=Admin_Dashboard/statusget
2017/09/14 11:02:05 [error] [php] Undefined offset: 0 (/backup/test/var/www/html/pms/protected/controllers/Admin_DashboardController.php:788)
Stack trace:
#0 /backup/test/var/www/html/pms/framework/web/CController.php(286): Admin_DashboardController->runAction()
#1 /backup/test/var/www/html/pms/framework/web/CController.php(265): Admin_DashboardController->runActionWithFilters()
#2 /backup/test/var/www/html/pms/framework/web/CWebApplication.php(282): Admin_DashboardController->run()
#3 /backup/test/var/www/html/pms/framework/web/CWebApplication.php(141): CWebApplication->runController()
#4 /backup/test/var/www/html/pms/framework/base/CApplication.php(185): CWebApplication->processRequest()
#5 /backup/test/var/www/html/pms/index.php(14): CWebApplication->run()
REQUEST_URI=/pms/index.php?r=Admin_Dashboard/statusget
2017/09/14 11:02:05 [error] [php] Undefined offset: 0 (/backup/test/var/www/html/pms/protected/controllers/Admin_DashboardController.php:788)
Stack trace:
#0 /backup/test/var/www/html/pms/framework/web/CController.php(286): Admin_DashboardController->runAction()
#1 /backup/test/var/www/html/pms/framework/web/CController.php(265): Admin_DashboardController->runActionWithFilters()
#2 /backup/test/var/www/html/pms/framework/web/CWebApplication.php(282): Admin_DashboardController->run()
#3 /backup/test/var/www/html/pms/framework/web/CWebApplication.php(141): CWebApplication->runController()
#4 /backup/test/var/www/html/pms/framework/base/CApplication.php(185): CWebApplication->processRequest()
#5 /backup/test/var/www/html/pms/index.php(14): CWebApplication->run()
REQUEST_URI=/pms/index.php?r=Admin_Dashboard/statusget
2017/09/14 11:02:05 [error] [php] Undefined offset: 0 (/backup/test/var/www/html/pms/protected/controllers/Admin_DashboardController.php:788)
Stack trace:
#0 /backup/test/var/www/html/pms/framework/web/CController.php(286): Admin_DashboardController->runAction()
#1 /backup/test/var/www/html/pms/framework/web/CController.php(265): Admin_DashboardController->runActionWithFilters()
#2 /backup/test/var/www/html/pms/framework/web/CWebApplication.php(282): Admin_DashboardController->run()
#3 /backup/test/var/www/html/pms/framework/web/CWebApplication.php(141): CWebApplication->runController()
#4 /backup/test/var/www/html/pms/framework/base/CApplication.php(185): CWebApplication->processRequest()
#5 /backup/test/var/www/html/pms/index.php(14): CWebApplication->run()
REQUEST_URI=/pms/index.php?r=Admin_Dashboard/statusget
2017/09/14 11:03:42 [error] [php] Undefined offset: 0 (/backup/test/var/www/html/pms/protected/controllers/Admin_DashboardController.php:788)
Stack trace:
#0 /backup/test/var/www/html/pms/framework/web/CController.php(286): Admin_DashboardController->runAction()
#1 /backup/test/var/www/html/pms/framework/web/CController.php(265): Admin_DashboardController->runActionWithFilters()
#2 /backup/test/var/www/html/pms/framework/web/CWebApplication.php(282): Admin_DashboardController->run()
#3 /backup/test/var/www/html/pms/framework/web/CWebApplication.php(141): CWebApplication->runController()
#4 /backup/test/var/www/html/pms/framework/base/CApplication.php(185): CWebApplication->processRequest()
#5 /backup/test/var/www/html/pms/index.php(14): CWebApplication->run()
REQUEST_URI=/pms/index.php?r=Admin_Dashboard/statusget
2017/09/14 11:03:52 [error] [php] Undefined offset: 0 (/backup/test/var/www/html/pms/protected/controllers/Admin_DashboardController.php:788)
Stack trace:
#0 /backup/test/var/www/html/pms/framework/web/CController.php(286): Admin_DashboardController->runAction()
#1 /backup/test/var/www/html/pms/framework/web/CController.php(265): Admin_DashboardController->runActionWithFilters()
#2 /backup/test/var/www/html/pms/framework/web/CWebApplication.php(282): Admin_DashboardController->run()
#3 /backup/test/var/www/html/pms/framework/web/CWebApplication.php(141): CWebApplication->runController()
#4 /backup/test/var/www/html/pms/framework/base/CApplication.php(185): CWebApplication->processRequest()
#5 /backup/test/var/www/html/pms/index.php(14): CWebApplication->run()
REQUEST_URI=/pms/index.php?r=Admin_Dashboard/statusget
2017/09/14 11:05:42 [error] [php] Undefined offset: 0 (/backup/test/var/www/html/pms/protected/controllers/Admin_DashboardController.php:788)
Stack trace:
#0 /backup/test/var/www/html/pms/framework/web/CController.php(286): Admin_DashboardController->runAction()
#1 /backup/test/var/www/html/pms/framework/web/CController.php(265): Admin_DashboardController->runActionWithFilters()
#2 /backup/test/var/www/html/pms/framework/web/CWebApplication.php(282): Admin_DashboardController->run()
#3 /backup/test/var/www/html/pms/framework/web/CWebApplication.php(141): CWebApplication->runController()
#4 /backup/test/var/www/html/pms/framework/base/CApplication.php(185): CWebApplication->processRequest()
#5 /backup/test/var/www/html/pms/index.php(14): CWebApplication->run()
REQUEST_URI=/pms/index.php?r=Admin_Dashboard/statusget
2017/09/14 11:06:34 [error] [php] Undefined index: username (/backup/test/var/www/html/pms/protected/models/LoginForm.php:128)
Stack trace:
#0 /backup/test/var/www/html/pms/framework/web/CController.php(308): CInlineAction->runWithParams()
#1 /backup/test/var/www/html/pms/framework/web/CController.php(286): LoginController->runAction()
#2 /backup/test/var/www/html/pms/framework/web/CController.php(265): LoginController->runActionWithFilters()
#3 /backup/test/var/www/html/pms/framework/web/CWebApplication.php(282): LoginController->run()
#4 /backup/test/var/www/html/pms/framework/web/CWebApplication.php(141): CWebApplication->runController()
#5 /backup/test/var/www/html/pms/framework/base/CApplication.php(185): CWebApplication->processRequest()
#6 /backup/test/var/www/html/pms/index.php(14): CWebApplication->run()
REQUEST_URI=/pms/index.php?r=Login/check
2017/09/14 11:06:34 [error] [php] Undefined index: username (/backup/test/var/www/html/pms/protected/models/LoginForm.php:128)
Stack trace:
#0 /backup/test/var/www/html/pms/framework/web/CController.php(308): CInlineAction->runWithParams()
#1 /backup/test/var/www/html/pms/framework/web/CController.php(286): LoginController->runAction()
#2 /backup/test/var/www/html/pms/framework/web/CController.php(265): LoginController->runActionWithFilters()
#3 /backup/test/var/www/html/pms/framework/web/CWebApplication.php(282): LoginController->run()
#4 /backup/test/var/www/html/pms/framework/web/CWebApplication.php(141): CWebApplication->runController()
#5 /backup/test/var/www/html/pms/framework/base/CApplication.php(185): CWebApplication->processRequest()
#6 /backup/test/var/www/html/pms/index.php(14): CWebApplication->run()
REQUEST_URI=/pms/index.php?r=Login/check
2017/09/14 11:06:34 [error] [php] Undefined index: username (/backup/test/var/www/html/pms/protected/models/LoginForm.php:128)
Stack trace:
#0 /backup/test/var/www/html/pms/framework/web/CController.php(308): CInlineAction->runWithParams()
#1 /backup/test/var/www/html/pms/framework/web/CController.php(286): LoginController->runAction()
#2 /backup/test/var/www/html/pms/framework/web/CController.php(265): LoginController->runActionWithFilters()
#3 /backup/test/var/www/html/pms/framework/web/CWebApplication.php(282): LoginController->run()
#4 /backup/test/var/www/html/pms/framework/web/CWebApplication.php(141): CWebApplication->runController()
#5 /backup/test/var/www/html/pms/framework/base/CApplication.php(185): CWebApplication->processRequest()
#6 /backup/test/var/www/html/pms/index.php(14): CWebApplication->run()
REQUEST_URI=/pms/index.php?r=Login/check
2017/09/14 11:06:34 [error] [php] Undefined index: username (/backup/test/var/www/html/pms/protected/models/LoginForm.php:128)
Stack trace:
#0 /backup/test/var/www/html/pms/framework/web/CController.php(308): CInlineAction->runWithParams()
#1 /backup/test/var/www/html/pms/framework/web/CController.php(286): LoginController->runAction()
#2 /backup/test/var/www/html/pms/framework/web/CController.php(265): LoginController->runActionWithFilters()
#3 /backup/test/var/www/html/pms/framework/web/CWebApplication.php(282): LoginController->run()
#4 /backup/test/var/www/html/pms/framework/web/CWebApplication.php(141): CWebApplication->runController()
#5 /backup/test/var/www/html/pms/framework/base/CApplication.php(185): CWebApplication->processRequest()
#6 /backup/test/var/www/html/pms/index.php(14): CWebApplication->run()
REQUEST_URI=/pms/index.php?r=Login/check
2017/09/14 11:06:34 [error] [php] Undefined index: username (/backup/test/var/www/html/pms/protected/models/LoginForm.php:128)
Stack trace:
#0 /backup/test/var/www/html/pms/framework/web/CController.php(308): CInlineAction->runWithParams()
#1 /backup/test/var/www/html/pms/framework/web/CController.php(286): LoginController->runAction()
#2 /backup/test/var/www/html/pms/framework/web/CController.php(265): LoginController->runActionWithFilters()
#3 /backup/test/var/www/html/pms/framework/web/CWebApplication.php(282): LoginController->run()
#4 /backup/test/var/www/html/pms/framework/web/CWebApplication.php(141): CWebApplication->runController()
#5 /backup/test/var/www/html/pms/framework/base/CApplication.php(185): CWebApplication->processRequest()
#6 /backup/test/var/www/html/pms/index.php(14): CWebApplication->run()
REQUEST_URI=/pms/index.php?r=Login/check
2017/09/14 11:06:34 [error] [php] Undefined index: username (/backup/test/var/www/html/pms/protected/models/LoginForm.php:128)
Stack trace:
#0 /backup/test/var/www/html/pms/framework/web/CController.php(308): CInlineAction->runWithParams()
#1 /backup/test/var/www/html/pms/framework/web/CController.php(286): LoginController->runAction()
#2 /backup/test/var/www/html/pms/framework/web/CController.php(265): LoginController->runActionWithFilters()
#3 /backup/test/var/www/html/pms/framework/web/CWebApplication.php(282): LoginController->run()
#4 /backup/test/var/www/html/pms/framework/web/CWebApplication.php(141): CWebApplication->runController()
#5 /backup/test/var/www/html/pms/framework/base/CApplication.php(185): CWebApplication->processRequest()
#6 /backup/test/var/www/html/pms/index.php(14): CWebApplication->run()
REQUEST_URI=/pms/index.php?r=Login/check
2017/09/14 11:06:34 [error] [php] Undefined index: username (/backup/test/var/www/html/pms/protected/models/LoginForm.php:128)
Stack trace:
#0 /backup/test/var/www/html/pms/framework/web/CController.php(308): CInlineAction->runWithParams()
#1 /backup/test/var/www/html/pms/framework/web/CController.php(286): LoginController->runAction()
#2 /backup/test/var/www/html/pms/framework/web/CController.php(265): LoginController->runActionWithFilters()
#3 /backup/test/var/www/html/pms/framework/web/CWebApplication.php(282): LoginController->run()
#4 /backup/test/var/www/html/pms/framework/web/CWebApplication.php(141): CWebApplication->runController()
#5 /backup/test/var/www/html/pms/framework/base/CApplication.php(185): CWebApplication->processRequest()
#6 /backup/test/var/www/html/pms/index.php(14): CWebApplication->run()
REQUEST_URI=/pms/index.php?r=Login/check
2017/09/14 11:06:35 [error] [php] Undefined offset: 0 (/backup/test/var/www/html/pms/protected/controllers/SetgoalsController.php:62)
Stack trace:
#0 /backup/test/var/www/html/pms/framework/web/CController.php(286): SetgoalsController->runAction()
#1 /backup/test/var/www/html/pms/framework/web/CController.php(265): SetgoalsController->runActionWithFilters()
#2 /backup/test/var/www/html/pms/framework/web/CWebApplication.php(282): SetgoalsController->run()
#3 /backup/test/var/www/html/pms/framework/web/CWebApplication.php(141): CWebApplication->runController()
#4 /backup/test/var/www/html/pms/framework/base/CApplication.php(185): CWebApplication->processRequest()
#5 /backup/test/var/www/html/pms/index.php(14): CWebApplication->run()
REQUEST_URI=/pms/index.php/Setgoals
2017/09/14 11:06:35 [error] [php] Undefined offset: 0 (/backup/test/var/www/html/pms/protected/controllers/SetgoalsController.php:62)
Stack trace:
#0 /backup/test/var/www/html/pms/framework/web/CController.php(286): SetgoalsController->runAction()
#1 /backup/test/var/www/html/pms/framework/web/CController.php(265): SetgoalsController->runActionWithFilters()
#2 /backup/test/var/www/html/pms/framework/web/CWebApplication.php(282): SetgoalsController->run()
#3 /backup/test/var/www/html/pms/framework/web/CWebApplication.php(141): CWebApplication->runController()
#4 /backup/test/var/www/html/pms/framework/base/CApplication.php(185): CWebApplication->processRequest()
#5 /backup/test/var/www/html/pms/index.php(14): CWebApplication->run()
REQUEST_URI=/pms/index.php/Setgoals
2017/09/14 11:06:35 [error] [php] Undefined offset: 0 (/backup/test/var/www/html/pms/protected/controllers/SetgoalsController.php:62)
Stack trace:
#0 /backup/test/var/www/html/pms/framework/web/CController.php(286): SetgoalsController->runAction()
#1 /backup/test/var/www/html/pms/framework/web/CController.php(265): SetgoalsController->runActionWithFilters()
#2 /backup/test/var/www/html/pms/framework/web/CWebApplication.php(282): SetgoalsController->run()
#3 /backup/test/var/www/html/pms/framework/web/CWebApplication.php(141): CWebApplication->runController()
#4 /backup/test/var/www/html/pms/framework/base/CApplication.php(185): CWebApplication->processRequest()
#5 /backup/test/var/www/html/pms/index.php(14): CWebApplication->run()
REQUEST_URI=/pms/index.php/Setgoals
2017/09/14 11:06:36 [error] [php] Undefined offset: 0 (/backup/test/var/www/html/pms/protected/controllers/SetgoalsController.php:62)
Stack trace:
#0 /backup/test/var/www/html/pms/framework/web/CController.php(286): SetgoalsController->runAction()
#1 /backup/test/var/www/html/pms/framework/web/CController.php(265): SetgoalsController->runActionWithFilters()
#2 /backup/test/var/www/html/pms/framework/web/CWebApplication.php(282): SetgoalsController->run()
#3 /backup/test/var/www/html/pms/framework/web/CWebApplication.php(141): CWebApplication->runController()
#4 /backup/test/var/www/html/pms/framework/base/CApplication.php(185): CWebApplication->processRequest()
#5 /backup/test/var/www/html/pms/index.php(14): CWebApplication->run()
REQUEST_URI=/pms/index.php/Setgoals
2017/09/14 11:06:36 [error] [php] Undefined offset: 0 (/backup/test/var/www/html/pms/protected/controllers/SetgoalsController.php:62)
Stack trace:
#0 /backup/test/var/www/html/pms/framework/web/CController.php(286): SetgoalsController->runAction()
#1 /backup/test/var/www/html/pms/framework/web/CController.php(265): SetgoalsController->runActionWithFilters()
#2 /backup/test/var/www/html/pms/framework/web/CWebApplication.php(282): SetgoalsController->run()
#3 /backup/test/var/www/html/pms/framework/web/CWebApplication.php(141): CWebApplication->runController()
#4 /backup/test/var/www/html/pms/framework/base/CApplication.php(185): CWebApplication->processRequest()
#5 /backup/test/var/www/html/pms/index.php(14): CWebApplication->run()
REQUEST_URI=/pms/index.php/Setgoals
2017/09/14 11:06:36 [error] [php] Undefined offset: 0 (/backup/test/var/www/html/pms/protected/controllers/SetgoalsController.php:62)
Stack trace:
#0 /backup/test/var/www/html/pms/framework/web/CController.php(286): SetgoalsController->runAction()
#1 /backup/test/var/www/html/pms/framework/web/CController.php(265): SetgoalsController->runActionWithFilters()
#2 /backup/test/var/www/html/pms/framework/web/CWebApplication.php(282): SetgoalsController->run()
#3 /backup/test/var/www/html/pms/framework/web/CWebApplication.php(141): CWebApplication->runController()
#4 /backup/test/var/www/html/pms/framework/base/CApplication.php(185): CWebApplication->processRequest()
#5 /backup/test/var/www/html/pms/index.php(14): CWebApplication->run()
REQUEST_URI=/pms/index.php/Setgoals
2017/09/14 11:06:36 [error] [php] Undefined offset: 0 (/backup/test/var/www/html/pms/protected/controllers/SetgoalsController.php:62)
Stack trace:
#0 /backup/test/var/www/html/pms/framework/web/CController.php(286): SetgoalsController->runAction()
#1 /backup/test/var/www/html/pms/framework/web/CController.php(265): SetgoalsController->runActionWithFilters()
#2 /backup/test/var/www/html/pms/framework/web/CWebApplication.php(282): SetgoalsController->run()
#3 /backup/test/var/www/html/pms/framework/web/CWebApplication.php(141): CWebApplication->runController()
#4 /backup/test/var/www/html/pms/framework/base/CApplication.php(185): CWebApplication->processRequest()
#5 /backup/test/var/www/html/pms/index.php(14): CWebApplication->run()
REQUEST_URI=/pms/index.php/Setgoals
2017/09/14 11:06:36 [error] [php] Undefined variable: KRA_category (/backup/test/var/www/html/pms/protected/controllers/SetgoalsController.php:1214)
Stack trace:
#0 /backup/test/var/www/html/pms/framework/web/actions/CInlineAction.php(47): CInlineAction->runWithParamsInternal()
#1 /backup/test/var/www/html/pms/framework/web/CController.php(308): CInlineAction->runWithParams()
#2 /backup/test/var/www/html/pms/framework/web/CController.php(286): SetgoalsController->runAction()
#3 /backup/test/var/www/html/pms/framework/web/CController.php(265): SetgoalsController->runActionWithFilters()
#4 /backup/test/var/www/html/pms/framework/web/CWebApplication.php(282): SetgoalsController->run()
#5 /backup/test/var/www/html/pms/framework/web/CWebApplication.php(141): CWebApplication->runController()
#6 /backup/test/var/www/html/pms/framework/base/CApplication.php(185): CWebApplication->processRequest()
#7 /backup/test/var/www/html/pms/index.php(14): CWebApplication->run()
REQUEST_URI=/pms/index.php/Setgoals/kpi_edit/KPI_id/e25fb9c8ce3
2017/09/14 11:06:36 [error] [php] Undefined variable: KRA_category (/backup/test/var/www/html/pms/protected/controllers/SetgoalsController.php:1214)
Stack trace:
#0 /backup/test/var/www/html/pms/framework/web/actions/CInlineAction.php(47): CInlineAction->runWithParamsInternal()
#1 /backup/test/var/www/html/pms/framework/web/CController.php(308): CInlineAction->runWithParams()
#2 /backup/test/var/www/html/pms/framework/web/CController.php(286): SetgoalsController->runAction()
#3 /backup/test/var/www/html/pms/framework/web/CController.php(265): SetgoalsController->runActionWithFilters()
#4 /backup/test/var/www/html/pms/framework/web/CWebApplication.php(282): SetgoalsController->run()
#5 /backup/test/var/www/html/pms/framework/web/CWebApplication.php(141): CWebApplication->runController()
#6 /backup/test/var/www/html/pms/framework/base/CApplication.php(185): CWebApplication->processRequest()
#7 /backup/test/var/www/html/pms/index.php(14): CWebApplication->run()
REQUEST_URI=/pms/index.php/Setgoals/kpi_edit/KPI_id/e25fb9c8ce3
2017/09/14 11:06:37 [error] [php] Undefined variable: KRA_category (/backup/test/var/www/html/pms/protected/controllers/SetgoalsController.php:1214)
Stack trace:
#0 /backup/test/var/www/html/pms/framework/web/actions/CInlineAction.php(47): CInlineAction->runWithParamsInternal()
#1 /backup/test/var/www/html/pms/framework/web/CController.php(308): CInlineAction->runWithParams()
#2 /backup/test/var/www/html/pms/framework/web/CController.php(286): SetgoalsController->runAction()
#3 /backup/test/var/www/html/pms/framework/web/CController.php(265): SetgoalsController->runActionWithFilters()
#4 /backup/test/var/www/html/pms/framework/web/CWebApplication.php(282): SetgoalsController->run()
#5 /backup/test/var/www/html/pms/framework/web/CWebApplication.php(141): CWebApplication->runController()
#6 /backup/test/var/www/html/pms/framework/base/CApplication.php(185): CWebApplication->processRequest()
#7 /backup/test/var/www/html/pms/index.php(14): CWebApplication->run()
REQUEST_URI=/pms/index.php/Setgoals/kpi_edit/KPI_id/e25fb9c8ce3
2017/09/14 11:06:37 [error] [php] Undefined variable: KRA_category (/backup/test/var/www/html/pms/protected/controllers/SetgoalsController.php:1214)
Stack trace:
#0 /backup/test/var/www/html/pms/framework/web/actions/CInlineAction.php(47): CInlineAction->runWithParamsInternal()
#1 /backup/test/var/www/html/pms/framework/web/CController.php(308): CInlineAction->runWithParams()
#2 /backup/test/var/www/html/pms/framework/web/CController.php(286): SetgoalsController->runAction()
#3 /backup/test/var/www/html/pms/framework/web/CController.php(265): SetgoalsController->runActionWithFilters()
#4 /backup/test/var/www/html/pms/framework/web/CWebApplication.php(282): SetgoalsController->run()
#5 /backup/test/var/www/html/pms/framework/web/CWebApplication.php(141): CWebApplication->runController()
#6 /backup/test/var/www/html/pms/framework/base/CApplication.php(185): CWebApplication->processRequest()
#7 /backup/test/var/www/html/pms/index.php(14): CWebApplication->run()
REQUEST_URI=/pms/index.php/Setgoals/kpi_edit/KPI_id/e25fb9c8ce3
2017/09/14 11:06:37 [error] [php] Undefined variable: KRA_category (/backup/test/var/www/html/pms/protected/controllers/SetgoalsController.php:1214)
Stack trace:
#0 /backup/test/var/www/html/pms/framework/web/actions/CInlineAction.php(47): CInlineAction->runWithParamsInternal()
#1 /backup/test/var/www/html/pms/framework/web/CController.php(308): CInlineAction->runWithParams()
#2 /backup/test/var/www/html/pms/framework/web/CController.php(286): SetgoalsController->runAction()
#3 /backup/test/var/www/html/pms/framework/web/CController.php(265): SetgoalsController->runActionWithFilters()
#4 /backup/test/var/www/html/pms/framework/web/CWebApplication.php(282): SetgoalsController->run()
#5 /backup/test/var/www/html/pms/framework/web/CWebApplication.php(141): CWebApplication->runController()
#6 /backup/test/var/www/html/pms/framework/base/CApplication.php(185): CWebApplication->processRequest()
#7 /backup/test/var/www/html/pms/index.php(14): CWebApplication->run()
REQUEST_URI=/pms/index.php/Setgoals/kpi_edit/KPI_id/e25fb9c8ce3
2017/09/14 11:06:37 [error] [php] Undefined variable: KRA_category (/backup/test/var/www/html/pms/protected/controllers/SetgoalsController.php:1214)
Stack trace:
#0 /backup/test/var/www/html/pms/framework/web/actions/CInlineAction.php(47): CInlineAction->runWithParamsInternal()
#1 /backup/test/var/www/html/pms/framework/web/CController.php(308): CInlineAction->runWithParams()
#2 /backup/test/var/www/html/pms/framework/web/CController.php(286): SetgoalsController->runAction()
#3 /backup/test/var/www/html/pms/framework/web/CController.php(265): SetgoalsController->runActionWithFilters()
#4 /backup/test/var/www/html/pms/framework/web/CWebApplication.php(282): SetgoalsController->run()
#5 /backup/test/var/www/html/pms/framework/web/CWebApplication.php(141): CWebApplication->runController()
#6 /backup/test/var/www/html/pms/framework/base/CApplication.php(185): CWebApplication->processRequest()
#7 /backup/test/var/www/html/pms/index.php(14): CWebApplication->run()
REQUEST_URI=/pms/index.php/Setgoals/kpi_edit/KPI_id/e25fb9c8ce3
2017/09/14 11:06:37 [error] [php] Undefined variable: KRA_category (/backup/test/var/www/html/pms/protected/controllers/SetgoalsController.php:1214)
Stack trace:
#0 /backup/test/var/www/html/pms/framework/web/actions/CInlineAction.php(47): CInlineAction->runWithParamsInternal()
#1 /backup/test/var/www/html/pms/framework/web/CController.php(308): CInlineAction->runWithParams()
#2 /backup/test/var/www/html/pms/framework/web/CController.php(286): SetgoalsController->runAction()
#3 /backup/test/var/www/html/pms/framework/web/CController.php(265): SetgoalsController->runActionWithFilters()
#4 /backup/test/var/www/html/pms/framework/web/CWebApplication.php(282): SetgoalsController->run()
#5 /backup/test/var/www/html/pms/framework/web/CWebApplication.php(141): CWebApplication->runController()
#6 /backup/test/var/www/html/pms/framework/base/CApplication.php(185): CWebApplication->processRequest()
#7 /backup/test/var/www/html/pms/index.php(14): CWebApplication->run()
REQUEST_URI=/pms/index.php/Setgoals/kpi_edit/KPI_id/e25fb9c8ce3
2017/09/14 11:06:37 [error] [php] Undefined index: username (/backup/test/var/www/html/pms/protected/models/LoginForm.php:128)
Stack trace:
#0 /backup/test/var/www/html/pms/framework/web/CController.php(308): CInlineAction->runWithParams()
#1 /backup/test/var/www/html/pms/framework/web/CController.php(286): LoginController->runAction()
#2 /backup/test/var/www/html/pms/framework/web/CController.php(265): LoginController->runActionWithFilters()
#3 /backup/test/var/www/html/pms/framework/web/CWebApplication.php(282): LoginController->run()
#4 /backup/test/var/www/html/pms/framework/web/CWebApplication.php(141): CWebApplication->runController()
#5 /backup/test/var/www/html/pms/framework/base/CApplication.php(185): CWebApplication->processRequest()
#6 /backup/test/var/www/html/pms/index.php(14): CWebApplication->run()
REQUEST_URI=/pms/index.php?r=Login/check
2017/09/14 11:06:37 [error] [php] Undefined index: target (/backup/test/var/www/html/pms/protected/controllers/SetgoalsController.php:1145)
Stack trace:
#0 /backup/test/var/www/html/pms/framework/web/CController.php(286): SetgoalsController->runAction()
#1 /backup/test/var/www/html/pms/framework/web/CController.php(265): SetgoalsController->runActionWithFilters()
#2 /backup/test/var/www/html/pms/framework/web/CWebApplication.php(282): SetgoalsController->run()
#3 /backup/test/var/www/html/pms/framework/web/CWebApplication.php(141): CWebApplication->runController()
#4 /backup/test/var/www/html/pms/framework/base/CApplication.php(185): CWebApplication->processRequest()
#5 /backup/test/var/www/html/pms/index.php(14): CWebApplication->run()
REQUEST_URI=/pms/index.php?r=Setgoals/update_kpi
2017/09/14 11:06:38 [error] [php] Undefined index: username (/backup/test/var/www/html/pms/protected/models/LoginForm.php:128)
Stack trace:
#0 /backup/test/var/www/html/pms/framework/web/CController.php(308): CInlineAction->runWithParams()
#1 /backup/test/var/www/html/pms/framework/web/CController.php(286): LoginController->runAction()
#2 /backup/test/var/www/html/pms/framework/web/CController.php(265): LoginController->runActionWithFilters()
#3 /backup/test/var/www/html/pms/framework/web/CWebApplication.php(282): LoginController->run()
#4 /backup/test/var/www/html/pms/framework/web/CWebApplication.php(141): CWebApplication->runController()
#5 /backup/test/var/www/html/pms/framework/base/CApplication.php(185): CWebApplication->processRequest()
#6 /backup/test/var/www/html/pms/index.php(14): CWebApplication->run()
REQUEST_URI=/pms/index.php?r=Login/check
2017/09/14 11:06:38 [error] [php] Undefined index: target (/backup/test/var/www/html/pms/protected/controllers/SetgoalsController.php:1145)
Stack trace:
#0 /backup/test/var/www/html/pms/framework/web/CController.php(286): SetgoalsController->runAction()
#1 /backup/test/var/www/html/pms/framework/web/CController.php(265): SetgoalsController->runActionWithFilters()
#2 /backup/test/var/www/html/pms/framework/web/CWebApplication.php(282): SetgoalsController->run()
#3 /backup/test/var/www/html/pms/framework/web/CWebApplication.php(141): CWebApplication->runController()
#4 /backup/test/var/www/html/pms/framework/base/CApplication.php(185): CWebApplication->processRequest()
#5 /backup/test/var/www/html/pms/index.php(14): CWebApplication->run()
REQUEST_URI=/pms/index.php?r=Setgoals/update_kpi
2017/09/14 11:06:38 [error] [php] Undefined index: target (/backup/test/var/www/html/pms/protected/controllers/SetgoalsController.php:1145)
Stack trace:
#0 /backup/test/var/www/html/pms/framework/web/CController.php(286): SetgoalsController->runAction()
#1 /backup/test/var/www/html/pms/framework/web/CController.php(265): SetgoalsController->runActionWithFilters()
#2 /backup/test/var/www/html/pms/framework/web/CWebApplication.php(282): SetgoalsController->run()
#3 /backup/test/var/www/html/pms/framework/web/CWebApplication.php(141): CWebApplication->runController()
#4 /backup/test/var/www/html/pms/framework/base/CApplication.php(185): CWebApplication->processRequest()
#5 /backup/test/var/www/html/pms/index.php(14): CWebApplication->run()
REQUEST_URI=/pms/index.php?r=Setgoals/update_kpi
2017/09/14 11:06:38 [error] [php] Undefined index: target (/backup/test/var/www/html/pms/protected/controllers/SetgoalsController.php:1145)
Stack trace:
#0 /backup/test/var/www/html/pms/framework/web/CController.php(286): SetgoalsController->runAction()
#1 /backup/test/var/www/html/pms/framework/web/CController.php(265): SetgoalsController->runActionWithFilters()
#2 /backup/test/var/www/html/pms/framework/web/CWebApplication.php(282): SetgoalsController->run()
#3 /backup/test/var/www/html/pms/framework/web/CWebApplication.php(141): CWebApplication->runController()
#4 /backup/test/var/www/html/pms/framework/base/CApplication.php(185): CWebApplication->processRequest()
#5 /backup/test/var/www/html/pms/index.php(14): CWebApplication->run()
REQUEST_URI=/pms/index.php?r=Setgoals/update_kpi
2017/09/14 11:06:38 [error] [php] Undefined index: target (/backup/test/var/www/html/pms/protected/controllers/SetgoalsController.php:1145)
Stack trace:
#0 /backup/test/var/www/html/pms/framework/web/CController.php(286): SetgoalsController->runAction()
#1 /backup/test/var/www/html/pms/framework/web/CController.php(265): SetgoalsController->runActionWithFilters()
#2 /backup/test/var/www/html/pms/framework/web/CWebApplication.php(282): SetgoalsController->run()
#3 /backup/test/var/www/html/pms/framework/web/CWebApplication.php(141): CWebApplication->runController()
#4 /backup/test/var/www/html/pms/framework/base/CApplication.php(185): CWebApplication->processRequest()
#5 /backup/test/var/www/html/pms/index.php(14): CWebApplication->run()
REQUEST_URI=/pms/index.php?r=Setgoals/update_kpi
2017/09/14 11:06:38 [error] [php] Undefined index: target (/backup/test/var/www/html/pms/protected/controllers/SetgoalsController.php:1145)
Stack trace:
#0 /backup/test/var/www/html/pms/framework/web/CController.php(286): SetgoalsController->runAction()
#1 /backup/test/var/www/html/pms/framework/web/CController.php(265): SetgoalsController->runActionWithFilters()
#2 /backup/test/var/www/html/pms/framework/web/CWebApplication.php(282): SetgoalsController->run()
#3 /backup/test/var/www/html/pms/framework/web/CWebApplication.php(141): CWebApplication->runController()
#4 /backup/test/var/www/html/pms/framework/base/CApplication.php(185): CWebApplication->processRequest()
#5 /backup/test/var/www/html/pms/index.php(14): CWebApplication->run()
REQUEST_URI=/pms/index.php?r=Setgoals/update_kpi
2017/09/14 11:06:38 [error] [php] Undefined index: username (/backup/test/var/www/html/pms/protected/models/LoginForm.php:128)
Stack trace:
#0 /backup/test/var/www/html/pms/framework/web/CController.php(308): CInlineAction->runWithParams()
#1 /backup/test/var/www/html/pms/framework/web/CController.php(286): LoginController->runAction()
#2 /backup/test/var/www/html/pms/framework/web/CController.php(265): LoginController->runActionWithFilters()
#3 /backup/test/var/www/html/pms/framework/web/CWebApplication.php(282): LoginController->run()
#4 /backup/test/var/www/html/pms/framework/web/CWebApplication.php(141): CWebApplication->runController()
#5 /backup/test/var/www/html/pms/framework/base/CApplication.php(185): CWebApplication->processRequest()
#6 /backup/test/var/www/html/pms/index.php(14): CWebApplication->run()
REQUEST_URI=/pms/index.php?r=Login/check
2017/09/14 11:06:38 [error] [php] Undefined offset: 0 (/backup/test/var/www/html/pms/protected/controllers/SetgoalsController.php:62)
Stack trace:
#0 /backup/test/var/www/html/pms/framework/web/CController.php(286): SetgoalsController->runAction()
#1 /backup/test/var/www/html/pms/framework/web/CController.php(265): SetgoalsController->runActionWithFilters()
#2 /backup/test/var/www/html/pms/framework/web/CWebApplication.php(282): SetgoalsController->run()
#3 /backup/test/var/www/html/pms/framework/web/CWebApplication.php(141): CWebApplication->runController()
#4 /backup/test/var/www/html/pms/framework/base/CApplication.php(185): CWebApplication->processRequest()
#5 /backup/test/var/www/html/pms/index.php(14): CWebApplication->run()
REQUEST_URI=/pms/index.php?r=Setgoals
2017/09/14 11:06:38 [error] [php] Undefined offset: 0 (/backup/test/var/www/html/pms/protected/controllers/SetgoalsController.php:62)
Stack trace:
#0 /backup/test/var/www/html/pms/framework/web/CController.php(286): SetgoalsController->runAction()
#1 /backup/test/var/www/html/pms/framework/web/CController.php(265): SetgoalsController->runActionWithFilters()
#2 /backup/test/var/www/html/pms/framework/web/CWebApplication.php(282): SetgoalsController->run()
#3 /backup/test/var/www/html/pms/framework/web/CWebApplication.php(141): CWebApplication->runController()
#4 /backup/test/var/www/html/pms/framework/base/CApplication.php(185): CWebApplication->processRequest()
#5 /backup/test/var/www/html/pms/index.php(14): CWebApplication->run()
REQUEST_URI=/pms/index.php?r=Setgoals
2017/09/14 11:06:39 [error] [php] Undefined offset: 0 (/backup/test/var/www/html/pms/protected/controllers/SetgoalsController.php:62)
Stack trace:
#0 /backup/test/var/www/html/pms/framework/web/CController.php(286): SetgoalsController->runAction()
#1 /backup/test/var/www/html/pms/framework/web/CController.php(265): SetgoalsController->runActionWithFilters()
#2 /backup/test/var/www/html/pms/framework/web/CWebApplication.php(282): SetgoalsController->run()
#3 /backup/test/var/www/html/pms/framework/web/CWebApplication.php(141): CWebApplication->runController()
#4 /backup/test/var/www/html/pms/framework/base/CApplication.php(185): CWebApplication->processRequest()
#5 /backup/test/var/www/html/pms/index.php(14): CWebApplication->run()
REQUEST_URI=/pms/index.php?r=Setgoals
2017/09/14 11:06:39 [error] [php] Undefined offset: 0 (/backup/test/var/www/html/pms/protected/controllers/SetgoalsController.php:62)
Stack trace:
#0 /backup/test/var/www/html/pms/framework/web/CController.php(286): SetgoalsController->runAction()
#1 /backup/test/var/www/html/pms/framework/web/CController.php(265): SetgoalsController->runActionWithFilters()
#2 /backup/test/var/www/html/pms/framework/web/CWebApplication.php(282): SetgoalsController->run()
#3 /backup/test/var/www/html/pms/framework/web/CWebApplication.php(141): CWebApplication->runController()
#4 /backup/test/var/www/html/pms/framework/base/CApplication.php(185): CWebApplication->processRequest()
#5 /backup/test/var/www/html/pms/index.php(14): CWebApplication->run()
REQUEST_URI=/pms/index.php?r=Setgoals
2017/09/14 11:06:39 [error] [php] Undefined offset: 0 (/backup/test/var/www/html/pms/protected/controllers/SetgoalsController.php:62)
Stack trace:
#0 /backup/test/var/www/html/pms/framework/web/CController.php(286): SetgoalsController->runAction()
#1 /backup/test/var/www/html/pms/framework/web/CController.php(265): SetgoalsController->runActionWithFilters()
#2 /backup/test/var/www/html/pms/framework/web/CWebApplication.php(282): SetgoalsController->run()
#3 /backup/test/var/www/html/pms/framework/web/CWebApplication.php(141): CWebApplication->runController()
#4 /backup/test/var/www/html/pms/framework/base/CApplication.php(185): CWebApplication->processRequest()
#5 /backup/test/var/www/html/pms/index.php(14): CWebApplication->run()
REQUEST_URI=/pms/index.php?r=Setgoals
2017/09/14 11:06:39 [error] [php] Undefined index: target (/backup/test/var/www/html/pms/protected/controllers/SetgoalsController.php:1145)
Stack trace:
#0 /backup/test/var/www/html/pms/framework/web/CController.php(286): SetgoalsController->runAction()
#1 /backup/test/var/www/html/pms/framework/web/CController.php(265): SetgoalsController->runActionWithFilters()
#2 /backup/test/var/www/html/pms/framework/web/CWebApplication.php(282): SetgoalsController->run()
#3 /backup/test/var/www/html/pms/framework/web/CWebApplication.php(141): CWebApplication->runController()
#4 /backup/test/var/www/html/pms/framework/base/CApplication.php(185): CWebApplication->processRequest()
#5 /backup/test/var/www/html/pms/index.php(14): CWebApplication->run()
REQUEST_URI=/pms/index.php?r=Setgoals/update_kpi
2017/09/14 11:06:39 [error] [php] Undefined offset: 0 (/backup/test/var/www/html/pms/protected/controllers/SetgoalsController.php:62)
Stack trace:
#0 /backup/test/var/www/html/pms/framework/web/CController.php(286): SetgoalsController->runAction()
#1 /backup/test/var/www/html/pms/framework/web/CController.php(265): SetgoalsController->runActionWithFilters()
#2 /backup/test/var/www/html/pms/framework/web/CWebApplication.php(282): SetgoalsController->run()
#3 /backup/test/var/www/html/pms/framework/web/CWebApplication.php(141): CWebApplication->runController()
#4 /backup/test/var/www/html/pms/framework/base/CApplication.php(185): CWebApplication->processRequest()
#5 /backup/test/var/www/html/pms/index.php(14): CWebApplication->run()
REQUEST_URI=/pms/index.php?r=Setgoals
2017/09/14 11:06:39 [error] [php] Undefined offset: 0 (/backup/test/var/www/html/pms/protected/controllers/SetgoalsController.php:62)
Stack trace:
#0 /backup/test/var/www/html/pms/framework/web/CController.php(286): SetgoalsController->runAction()
#1 /backup/test/var/www/html/pms/framework/web/CController.php(265): SetgoalsController->runActionWithFilters()
#2 /backup/test/var/www/html/pms/framework/web/CWebApplication.php(282): SetgoalsController->run()
#3 /backup/test/var/www/html/pms/framework/web/CWebApplication.php(141): CWebApplication->runController()
#4 /backup/test/var/www/html/pms/framework/base/CApplication.php(185): CWebApplication->processRequest()
#5 /backup/test/var/www/html/pms/index.php(14): CWebApplication->run()
REQUEST_URI=/pms/index.php/Setgoals
2017/09/14 11:06:39 [error] [php] Undefined offset: 0 (/backup/test/var/www/html/pms/protected/controllers/SetgoalsController.php:62)
Stack trace:
#0 /backup/test/var/www/html/pms/framework/web/CController.php(286): SetgoalsController->runAction()
#1 /backup/test/var/www/html/pms/framework/web/CController.php(265): SetgoalsController->runActionWithFilters()
#2 /backup/test/var/www/html/pms/framework/web/CWebApplication.php(282): SetgoalsController->run()
#3 /backup/test/var/www/html/pms/framework/web/CWebApplication.php(141): CWebApplication->runController()
#4 /backup/test/var/www/html/pms/framework/base/CApplication.php(185): CWebApplication->processRequest()
#5 /backup/test/var/www/html/pms/index.php(14): CWebApplication->run()
REQUEST_URI=/pms/index.php/Setgoals
2017/09/14 11:06:40 [error] [php] Undefined offset: 0 (/backup/test/var/www/html/pms/protected/controllers/SetgoalsController.php:62)
Stack trace:
#0 /backup/test/var/www/html/pms/framework/web/CController.php(286): SetgoalsController->runAction()
#1 /backup/test/var/www/html/pms/framework/web/CController.php(265): SetgoalsController->runActionWithFilters()
#2 /backup/test/var/www/html/pms/framework/web/CWebApplication.php(282): SetgoalsController->run()
#3 /backup/test/var/www/html/pms/framework/web/CWebApplication.php(141): CWebApplication->runController()
#4 /backup/test/var/www/html/pms/framework/base/CApplication.php(185): CWebApplication->processRequest()
#5 /backup/test/var/www/html/pms/index.php(14): CWebApplication->run()
REQUEST_URI=/pms/index.php?r=Setgoals
2017/09/14 11:06:40 [error] [php] Undefined variable: KRA_category (/backup/test/var/www/html/pms/protected/controllers/SetgoalsController.php:1214)
Stack trace:
#0 /backup/test/var/www/html/pms/framework/web/actions/CInlineAction.php(47): CInlineAction->runWithParamsInternal()
#1 /backup/test/var/www/html/pms/framework/web/CController.php(308): CInlineAction->runWithParams()
#2 /backup/test/var/www/html/pms/framework/web/CController.php(286): SetgoalsController->runAction()
#3 /backup/test/var/www/html/pms/framework/web/CController.php(265): SetgoalsController->runActionWithFilters()
#4 /backup/test/var/www/html/pms/framework/web/CWebApplication.php(282): SetgoalsController->run()
#5 /backup/test/var/www/html/pms/framework/web/CWebApplication.php(141): CWebApplication->runController()
#6 /backup/test/var/www/html/pms/framework/base/CApplication.php(185): CWebApplication->processRequest()
#7 /backup/test/var/www/html/pms/index.php(14): CWebApplication->run()
REQUEST_URI=/pms/index.php/Setgoals/kpi_edit/KPI_id/e25fb9c8ce3
2017/09/14 11:06:40 [error] [php] Undefined offset: 0 (/backup/test/var/www/html/pms/protected/controllers/SetgoalsController.php:62)
Stack trace:
#0 /backup/test/var/www/html/pms/framework/web/CController.php(286): SetgoalsController->runAction()
#1 /backup/test/var/www/html/pms/framework/web/CController.php(265): SetgoalsController->runActionWithFilters()
#2 /backup/test/var/www/html/pms/framework/web/CWebApplication.php(282): SetgoalsController->run()
#3 /backup/test/var/www/html/pms/framework/web/CWebApplication.php(141): CWebApplication->runController()
#4 /backup/test/var/www/html/pms/framework/base/CApplication.php(185): CWebApplication->processRequest()
#5 /backup/test/var/www/html/pms/index.php(14): CWebApplication->run()
REQUEST_URI=/pms/index.php/Setgoals
2017/09/14 11:06:42 [error] [php] Undefined variable: KRA_category (/backup/test/var/www/html/pms/protected/controllers/SetgoalsController.php:1214)
Stack trace:
#0 /backup/test/var/www/html/pms/framework/web/actions/CInlineAction.php(47): CInlineAction->runWithParamsInternal()
#1 /backup/test/var/www/html/pms/framework/web/CController.php(308): CInlineAction->runWithParams()
#2 /backup/test/var/www/html/pms/framework/web/CController.php(286): SetgoalsController->runAction()
#3 /backup/test/var/www/html/pms/framework/web/CController.php(265): SetgoalsController->runActionWithFilters()
#4 /backup/test/var/www/html/pms/framework/web/CWebApplication.php(282): SetgoalsController->run()
#5 /backup/test/var/www/html/pms/framework/web/CWebApplication.php(141): CWebApplication->runController()
#6 /backup/test/var/www/html/pms/framework/base/CApplication.php(185): CWebApplication->processRequest()
#7 /backup/test/var/www/html/pms/index.php(14): CWebApplication->run()
REQUEST_URI=/pms/index.php/Setgoals/kpi_edit/KPI_id/e25fb9c8ce3
2017/09/14 11:06:43 [error] [php] Undefined index: target (/backup/test/var/www/html/pms/protected/controllers/SetgoalsController.php:1145)
Stack trace:
#0 /backup/test/var/www/html/pms/framework/web/CController.php(286): SetgoalsController->runAction()
#1 /backup/test/var/www/html/pms/framework/web/CController.php(265): SetgoalsController->runActionWithFilters()
#2 /backup/test/var/www/html/pms/framework/web/CWebApplication.php(282): SetgoalsController->run()
#3 /backup/test/var/www/html/pms/framework/web/CWebApplication.php(141): CWebApplication->runController()
#4 /backup/test/var/www/html/pms/framework/base/CApplication.php(185): CWebApplication->processRequest()
#5 /backup/test/var/www/html/pms/index.php(14): CWebApplication->run()
REQUEST_URI=/pms/index.php?r=Setgoals/update_kpi
2017/09/14 11:06:43 [error] [php] Undefined index: target (/backup/test/var/www/html/pms/protected/controllers/SetgoalsController.php:1145)
Stack trace:
#0 /backup/test/var/www/html/pms/framework/web/CController.php(286): SetgoalsController->runAction()
#1 /backup/test/var/www/html/pms/framework/web/CController.php(265): SetgoalsController->runActionWithFilters()
#2 /backup/test/var/www/html/pms/framework/web/CWebApplication.php(282): SetgoalsController->run()
#3 /backup/test/var/www/html/pms/framework/web/CWebApplication.php(141): CWebApplication->runController()
#4 /backup/test/var/www/html/pms/framework/base/CApplication.php(185): CWebApplication->processRequest()
#5 /backup/test/var/www/html/pms/index.php(14): CWebApplication->run()
REQUEST_URI=/pms/index.php?r=Setgoals/update_kpi
2017/09/14 11:06:44 [error] [php] Undefined offset: 0 (/backup/test/var/www/html/pms/protected/controllers/SetgoalsController.php:62)
Stack trace:
#0 /backup/test/var/www/html/pms/framework/web/CController.php(286): SetgoalsController->runAction()
#1 /backup/test/var/www/html/pms/framework/web/CController.php(265): SetgoalsController->runActionWithFilters()
#2 /backup/test/var/www/html/pms/framework/web/CWebApplication.php(282): SetgoalsController->run()
#3 /backup/test/var/www/html/pms/framework/web/CWebApplication.php(141): CWebApplication->runController()
#4 /backup/test/var/www/html/pms/framework/base/CApplication.php(185): CWebApplication->processRequest()
#5 /backup/test/var/www/html/pms/index.php(14): CWebApplication->run()
REQUEST_URI=/pms/index.php?r=Setgoals
2017/09/14 11:06:45 [error] [php] Undefined offset: 0 (/backup/test/var/www/html/pms/protected/controllers/SetgoalsController.php:62)
Stack trace:
#0 /backup/test/var/www/html/pms/framework/web/CController.php(286): SetgoalsController->runAction()
#1 /backup/test/var/www/html/pms/framework/web/CController.php(265): SetgoalsController->runActionWithFilters()
#2 /backup/test/var/www/html/pms/framework/web/CWebApplication.php(282): SetgoalsController->run()
#3 /backup/test/var/www/html/pms/framework/web/CWebApplication.php(141): CWebApplication->runController()
#4 /backup/test/var/www/html/pms/framework/base/CApplication.php(185): CWebApplication->processRequest()
#5 /backup/test/var/www/html/pms/index.php(14): CWebApplication->run()
REQUEST_URI=/pms/index.php?r=Setgoals
2017/09/14 11:06:45 [error] [php] Undefined variable: KRA_category (/backup/test/var/www/html/pms/protected/controllers/SetgoalsController.php:1214)
Stack trace:
#0 /backup/test/var/www/html/pms/framework/web/actions/CInlineAction.php(47): CInlineAction->runWithParamsInternal()
#1 /backup/test/var/www/html/pms/framework/web/CController.php(308): CInlineAction->runWithParams()
#2 /backup/test/var/www/html/pms/framework/web/CController.php(286): SetgoalsController->runAction()
#3 /backup/test/var/www/html/pms/framework/web/CController.php(265): SetgoalsController->runActionWithFilters()
#4 /backup/test/var/www/html/pms/framework/web/CWebApplication.php(282): SetgoalsController->run()
#5 /backup/test/var/www/html/pms/framework/web/CWebApplication.php(141): CWebApplication->runController()
#6 /backup/test/var/www/html/pms/framework/base/CApplication.php(185): CWebApplication->processRequest()
#7 /backup/test/var/www/html/pms/index.php(14): CWebApplication->run()
REQUEST_URI=/pms/index.php/Setgoals/kpi_edit/KPI_id/e25fb9c8ce3
2017/09/14 11:06:47 [error] [php] Undefined index: target (/backup/test/var/www/html/pms/protected/controllers/SetgoalsController.php:1145)
Stack trace:
#0 /backup/test/var/www/html/pms/framework/web/CController.php(286): SetgoalsController->runAction()
#1 /backup/test/var/www/html/pms/framework/web/CController.php(265): SetgoalsController->runActionWithFilters()
#2 /backup/test/var/www/html/pms/framework/web/CWebApplication.php(282): SetgoalsController->run()
#3 /backup/test/var/www/html/pms/framework/web/CWebApplication.php(141): CWebApplication->runController()
#4 /backup/test/var/www/html/pms/framework/base/CApplication.php(185): CWebApplication->processRequest()
#5 /backup/test/var/www/html/pms/index.php(14): CWebApplication->run()
REQUEST_URI=/pms/index.php?r=Setgoals/update_kpi
2017/09/14 11:06:48 [error] [php] Undefined offset: 0 (/backup/test/var/www/html/pms/protected/controllers/SetgoalsController.php:62)
Stack trace:
#0 /backup/test/var/www/html/pms/framework/web/CController.php(286): SetgoalsController->runAction()
#1 /backup/test/var/www/html/pms/framework/web/CController.php(265): SetgoalsController->runActionWithFilters()
#2 /backup/test/var/www/html/pms/framework/web/CWebApplication.php(282): SetgoalsController->run()
#3 /backup/test/var/www/html/pms/framework/web/CWebApplication.php(141): CWebApplication->runController()
#4 /backup/test/var/www/html/pms/framework/base/CApplication.php(185): CWebApplication->processRequest()
#5 /backup/test/var/www/html/pms/index.php(14): CWebApplication->run()
REQUEST_URI=/pms/index.php?r=Setgoals
2017/09/14 11:08:24 [error] [php] Undefined offset: 0 (/backup/test/var/www/html/pms/protected/controllers/Admin_DashboardController.php:788)
Stack trace:
#0 /backup/test/var/www/html/pms/framework/web/CController.php(286): Admin_DashboardController->runAction()
#1 /backup/test/var/www/html/pms/framework/web/CController.php(265): Admin_DashboardController->runActionWithFilters()
#2 /backup/test/var/www/html/pms/framework/web/CWebApplication.php(282): Admin_DashboardController->run()
#3 /backup/test/var/www/html/pms/framework/web/CWebApplication.php(141): CWebApplication->runController()
#4 /backup/test/var/www/html/pms/framework/base/CApplication.php(185): CWebApplication->processRequest()
#5 /backup/test/var/www/html/pms/index.php(14): CWebApplication->run()
REQUEST_URI=/pms/index.php?r=Admin_Dashboard/statusget
2017/09/14 11:08:26 [error] [php] Undefined offset: 0 (/backup/test/var/www/html/pms/protected/controllers/Admin_DashboardController.php:788)
Stack trace:
#0 /backup/test/var/www/html/pms/framework/web/CController.php(286): Admin_DashboardController->runAction()
#1 /backup/test/var/www/html/pms/framework/web/CController.php(265): Admin_DashboardController->runActionWithFilters()
#2 /backup/test/var/www/html/pms/framework/web/CWebApplication.php(282): Admin_DashboardController->run()
#3 /backup/test/var/www/html/pms/framework/web/CWebApplication.php(141): CWebApplication->runController()
#4 /backup/test/var/www/html/pms/framework/base/CApplication.php(185): CWebApplication->processRequest()
#5 /backup/test/var/www/html/pms/index.php(14): CWebApplication->run()
REQUEST_URI=/pms/index.php?r=Admin_Dashboard/statusget
2017/09/14 11:09:45 [error] [php] Undefined offset: 0 (/backup/test/var/www/html/pms/protected/controllers/Admin_DashboardController.php:788)
Stack trace:
#0 /backup/test/var/www/html/pms/framework/web/CController.php(286): Admin_DashboardController->runAction()
#1 /backup/test/var/www/html/pms/framework/web/CController.php(265): Admin_DashboardController->runActionWithFilters()
#2 /backup/test/var/www/html/pms/framework/web/CWebApplication.php(282): Admin_DashboardController->run()
#3 /backup/test/var/www/html/pms/framework/web/CWebApplication.php(141): CWebApplication->runController()
#4 /backup/test/var/www/html/pms/framework/base/CApplication.php(185): CWebApplication->processRequest()
#5 /backup/test/var/www/html/pms/index.php(14): CWebApplication->run()
REQUEST_URI=/pms/index.php?r=Admin_Dashboard/statusget
2017/09/14 11:09:49 [error] [php] Undefined offset: 0 (/backup/test/var/www/html/pms/protected/controllers/Admin_DashboardController.php:788)
Stack trace:
#0 /backup/test/var/www/html/pms/framework/web/CController.php(286): Admin_DashboardController->runAction()
#1 /backup/test/var/www/html/pms/framework/web/CController.php(265): Admin_DashboardController->runActionWithFilters()
#2 /backup/test/var/www/html/pms/framework/web/CWebApplication.php(282): Admin_DashboardController->run()
#3 /backup/test/var/www/html/pms/framework/web/CWebApplication.php(141): CWebApplication->runController()
#4 /backup/test/var/www/html/pms/framework/base/CApplication.php(185): CWebApplication->processRequest()
#5 /backup/test/var/www/html/pms/index.php(14): CWebApplication->run()
REQUEST_URI=/pms/index.php?r=Admin_Dashboard/statusget
2017/09/14 11:11:25 [error] [php] Undefined offset: 0 (/backup/test/var/www/html/pms/protected/controllers/Admin_DashboardController.php:788)
Stack trace:
#0 /backup/test/var/www/html/pms/framework/web/CController.php(286): Admin_DashboardController->runAction()
#1 /backup/test/var/www/html/pms/framework/web/CController.php(265): Admin_DashboardController->runActionWithFilters()
#2 /backup/test/var/www/html/pms/framework/web/CWebApplication.php(282): Admin_DashboardController->run()
#3 /backup/test/var/www/html/pms/framework/web/CWebApplication.php(141): CWebApplication->runController()
#4 /backup/test/var/www/html/pms/framework/base/CApplication.php(185): CWebApplication->processRequest()
#5 /backup/test/var/www/html/pms/index.php(14): CWebApplication->run()
REQUEST_URI=/pms/index.php?r=Admin_Dashboard/statusget
2017/09/14 11:11:27 [error] [exception.CHttpException.404] CHttpException: Unable to resolve the request "Admin_Dashboard/statusget". in /backup/test/var/www/html/pms/framework/web/CWebApplication.php:286
Stack trace:
#0 /backup/test/var/www/html/pms/framework/web/CWebApplication.php(141): CWebApplication->runController('Admin_Dashboard...')
#1 /backup/test/var/www/html/pms/framework/base/CApplication.php(185): CWebApplication->processRequest()
#2 /backup/test/var/www/html/pms/index.php(14): CApplication->run()
#3 {main}
REQUEST_URI=/pms/index.php?r=Admin_Dashboard/statusget
HTTP_REFERER=https://kritva.in/pms/index.php?r=Admin_Dashboard
---
2017/09/14 11:11:27 [error] [exception.CHttpException.404] CHttpException: Unable to resolve the request "Admin_Dashboard/statusget". in /backup/test/var/www/html/pms/framework/web/CWebApplication.php:286
Stack trace:
#0 /backup/test/var/www/html/pms/framework/web/CWebApplication.php(141): CWebApplication->runController('Admin_Dashboard...')
#1 /backup/test/var/www/html/pms/framework/base/CApplication.php(185): CWebApplication->processRequest()
#2 /backup/test/var/www/html/pms/index.php(14): CApplication->run()
#3 {main}
REQUEST_URI=/pms/index.php?r=Admin_Dashboard/statusget
HTTP_REFERER=https://kritva.in/pms/index.php?r=Admin_Dashboard
---
2017/09/14 11:11:28 [error] [exception.CHttpException.404] CHttpException: Unable to resolve the request "Admin_Dashboard/statusget". in /backup/test/var/www/html/pms/framework/web/CWebApplication.php:286
Stack trace:
#0 /backup/test/var/www/html/pms/framework/web/CWebApplication.php(141): CWebApplication->runController('Admin_Dashboard...')
#1 /backup/test/var/www/html/pms/framework/base/CApplication.php(185): CWebApplication->processRequest()
#2 /backup/test/var/www/html/pms/index.php(14): CApplication->run()
#3 {main}
REQUEST_URI=/pms/index.php?r=Admin_Dashboard/statusget
HTTP_REFERER=https://kritva.in/pms/index.php?r=Admin_Dashboard
---
2017/09/14 11:11:28 [error] [exception.CHttpException.404] CHttpException: Unable to resolve the request "Admin_Dashboard/statusget". in /backup/test/var/www/html/pms/framework/web/CWebApplication.php:286
Stack trace:
#0 /backup/test/var/www/html/pms/framework/web/CWebApplication.php(141): CWebApplication->runController('Admin_Dashboard...')
#1 /backup/test/var/www/html/pms/framework/base/CApplication.php(185): CWebApplication->processRequest()
#2 /backup/test/var/www/html/pms/index.php(14): CApplication->run()
#3 {main}
REQUEST_URI=/pms/index.php?r=Admin_Dashboard/statusget
HTTP_REFERER=https://kritva.in/pms/index.php?r=Admin_Dashboard
---
2017/09/14 11:11:28 [error] [exception.CHttpException.404] CHttpException: Unable to resolve the request "Admin_Dashboard/statusget". in /backup/test/var/www/html/pms/framework/web/CWebApplication.php:286
Stack trace:
#0 /backup/test/var/www/html/pms/framework/web/CWebApplication.php(141): CWebApplication->runController('Admin_Dashboard...')
#1 /backup/test/var/www/html/pms/framework/base/CApplication.php(185): CWebApplication->processRequest()
#2 /backup/test/var/www/html/pms/index.php(14): CApplication->run()
#3 {main}
REQUEST_URI=/pms/index.php?r=Admin_Dashboard/statusget
HTTP_REFERER=https://kritva.in/pms/index.php?r=Admin_Dashboard
---
2017/09/14 11:11:28 [error] [exception.ParseError] ParseError: syntax error, unexpected end of file, expecting identifier (T_STRING) or variable (T_VARIABLE) or '{' or '$' in /backup/test/var/www/html/pms/protected/controllers/Admin_DashboardController.php:491
Stack trace:
#0 /backup/test/var/www/html/pms/framework/web/CWebApplication.php(276): CWebApplication->createController('statusget/')
#1 /backup/test/var/www/html/pms/framework/web/CWebApplication.php(141): CWebApplication->runController('Admin_Dashboard...')
#2 /backup/test/var/www/html/pms/framework/base/CApplication.php(185): CWebApplication->processRequest()
#3 /backup/test/var/www/html/pms/index.php(14): CApplication->run()
#4 {main}
REQUEST_URI=/pms/index.php?r=Admin_Dashboard/statusget
HTTP_REFERER=https://kritva.in/pms/index.php?r=Admin_Dashboard
---
2017/09/14 11:11:46 [error] [php] Undefined offset: 0 (/backup/test/var/www/html/pms/protected/controllers/Admin_DashboardController.php:788)
Stack trace:
#0 /backup/test/var/www/html/pms/framework/web/CController.php(286): Admin_DashboardController->runAction()
#1 /backup/test/var/www/html/pms/framework/web/CController.php(265): Admin_DashboardController->runActionWithFilters()
#2 /backup/test/var/www/html/pms/framework/web/CWebApplication.php(282): Admin_DashboardController->run()
#3 /backup/test/var/www/html/pms/framework/web/CWebApplication.php(141): CWebApplication->runController()
#4 /backup/test/var/www/html/pms/framework/base/CApplication.php(185): CWebApplication->processRequest()
#5 /backup/test/var/www/html/pms/index.php(14): CWebApplication->run()
REQUEST_URI=/pms/index.php?r=Admin_Dashboard/statusget
2017/09/14 11:11:48 [error] [php] Undefined offset: 0 (/backup/test/var/www/html/pms/protected/controllers/Admin_DashboardController.php:788)
Stack trace:
#0 /backup/test/var/www/html/pms/framework/web/CController.php(286): Admin_DashboardController->runAction()
#1 /backup/test/var/www/html/pms/framework/web/CController.php(265): Admin_DashboardController->runActionWithFilters()
#2 /backup/test/var/www/html/pms/framework/web/CWebApplication.php(282): Admin_DashboardController->run()
#3 /backup/test/var/www/html/pms/framework/web/CWebApplication.php(141): CWebApplication->runController()
#4 /backup/test/var/www/html/pms/framework/base/CApplication.php(185): CWebApplication->processRequest()
#5 /backup/test/var/www/html/pms/index.php(14): CWebApplication->run()
REQUEST_URI=/pms/index.php?r=Admin_Dashboard/statusget
2017/09/14 11:18:52 [error] [php] Undefined offset: 0 (/backup/test/var/www/html/pms/protected/controllers/Admin_DashboardController.php:788)
Stack trace:
#0 /backup/test/var/www/html/pms/framework/web/CController.php(286): Admin_DashboardController->runAction()
#1 /backup/test/var/www/html/pms/framework/web/CController.php(265): Admin_DashboardController->runActionWithFilters()
#2 /backup/test/var/www/html/pms/framework/web/CWebApplication.php(282): Admin_DashboardController->run()
#3 /backup/test/var/www/html/pms/framework/web/CWebApplication.php(141): CWebApplication->runController()
#4 /backup/test/var/www/html/pms/framework/base/CApplication.php(185): CWebApplication->processRequest()
#5 /backup/test/var/www/html/pms/index.php(14): CWebApplication->run()
REQUEST_URI=/pms/index.php?r=Admin_Dashboard/statusget
2017/09/14 11:18:58 [error] [php] Undefined offset: 0 (/backup/test/var/www/html/pms/protected/controllers/Admin_DashboardController.php:788)
Stack trace:
#0 /backup/test/var/www/html/pms/framework/web/CController.php(286): Admin_DashboardController->runAction()
#1 /backup/test/var/www/html/pms/framework/web/CController.php(265): Admin_DashboardController->runActionWithFilters()
#2 /backup/test/var/www/html/pms/framework/web/CWebApplication.php(282): Admin_DashboardController->run()
#3 /backup/test/var/www/html/pms/framework/web/CWebApplication.php(141): CWebApplication->runController()
#4 /backup/test/var/www/html/pms/framework/base/CApplication.php(185): CWebApplication->processRequest()
#5 /backup/test/var/www/html/pms/index.php(14): CWebApplication->run()
REQUEST_URI=/pms/index.php?r=Admin_Dashboard/statusget
2017/09/14 11:19:07 [error] [php] Undefined offset: 0 (/backup/test/var/www/html/pms/protected/controllers/Admin_DashboardController.php:788)
Stack trace:
#0 /backup/test/var/www/html/pms/framework/web/CController.php(286): Admin_DashboardController->runAction()
#1 /backup/test/var/www/html/pms/framework/web/CController.php(265): Admin_DashboardController->runActionWithFilters()
#2 /backup/test/var/www/html/pms/framework/web/CWebApplication.php(282): Admin_DashboardController->run()
#3 /backup/test/var/www/html/pms/framework/web/CWebApplication.php(141): CWebApplication->runController()
#4 /backup/test/var/www/html/pms/framework/base/CApplication.php(185): CWebApplication->processRequest()
#5 /backup/test/var/www/html/pms/index.php(14): CWebApplication->run()
REQUEST_URI=/pms/index.php?r=Admin_Dashboard/statusget
2017/09/14 11:21:07 [error] [exception.ParseError] ParseError: syntax error, unexpected end of file in /backup/test/var/www/html/pms/protected/controllers/Admin_DashboardController.php:2112
Stack trace:
#0 /backup/test/var/www/html/pms/framework/web/CWebApplication.php(276): CWebApplication->createController('statusget/')
#1 /backup/test/var/www/html/pms/framework/web/CWebApplication.php(141): CWebApplication->runController('Admin_Dashboard...')
#2 /backup/test/var/www/html/pms/framework/base/CApplication.php(185): CWebApplication->processRequest()
#3 /backup/test/var/www/html/pms/index.php(14): CApplication->run()
#4 {main}
REQUEST_URI=/pms/index.php?r=Admin_Dashboard/statusget
HTTP_REFERER=https://kritva.in/pms/index.php?r=Admin_Dashboard
---
2017/09/14 11:21:11 [error] [exception.ParseError] ParseError: syntax error, unexpected end of file in /backup/test/var/www/html/pms/protected/controllers/Admin_DashboardController.php:2112
Stack trace:
#0 /backup/test/var/www/html/pms/framework/web/CWebApplication.php(276): CWebApplication->createController('statusget/')
#1 /backup/test/var/www/html/pms/framework/web/CWebApplication.php(141): CWebApplication->runController('Admin_Dashboard...')
#2 /backup/test/var/www/html/pms/framework/base/CApplication.php(185): CWebApplication->processRequest()
#3 /backup/test/var/www/html/pms/index.php(14): CApplication->run()
#4 {main}
REQUEST_URI=/pms/index.php?r=Admin_Dashboard/statusget
HTTP_REFERER=https://kritva.in/pms/index.php?r=Admin_Dashboard
---
2017/09/14 11:21:13 [error] [exception.ParseError] ParseError: syntax error, unexpected end of file in /backup/test/var/www/html/pms/protected/controllers/Admin_DashboardController.php:2112
Stack trace:
#0 /backup/test/var/www/html/pms/framework/web/CWebApplication.php(276): CWebApplication->createController('statusget/')
#1 /backup/test/var/www/html/pms/framework/web/CWebApplication.php(141): CWebApplication->runController('Admin_Dashboard...')
#2 /backup/test/var/www/html/pms/framework/base/CApplication.php(185): CWebApplication->processRequest()
#3 /backup/test/var/www/html/pms/index.php(14): CApplication->run()
#4 {main}
REQUEST_URI=/pms/index.php?r=Admin_Dashboard/statusget
HTTP_REFERER=https://kritva.in/pms/index.php?r=Admin_Dashboard
---
2017/09/14 11:21:17 [error] [exception.ParseError] ParseError: syntax error, unexpected end of file in /backup/test/var/www/html/pms/protected/controllers/Admin_DashboardController.php:2112
Stack trace:
#0 /backup/test/var/www/html/pms/framework/web/CWebApplication.php(276): CWebApplication->createController('statusget/')
#1 /backup/test/var/www/html/pms/framework/web/CWebApplication.php(141): CWebApplication->runController('Admin_Dashboard...')
#2 /backup/test/var/www/html/pms/framework/base/CApplication.php(185): CWebApplication->processRequest()
#3 /backup/test/var/www/html/pms/index.php(14): CApplication->run()
#4 {main}
REQUEST_URI=/pms/index.php?r=Admin_Dashboard/statusget
HTTP_REFERER=https://kritva.in/pms/index.php?r=Admin_Dashboard
---
2017/09/14 11:22:10 [error] [php] Undefined offset: 0 (/backup/test/var/www/html/pms/protected/controllers/Admin_DashboardController.php:788)
Stack trace:
#0 /backup/test/var/www/html/pms/framework/web/CController.php(286): Admin_DashboardController->runAction()
#1 /backup/test/var/www/html/pms/framework/web/CController.php(265): Admin_DashboardController->runActionWithFilters()
#2 /backup/test/var/www/html/pms/framework/web/CWebApplication.php(282): Admin_DashboardController->run()
#3 /backup/test/var/www/html/pms/framework/web/CWebApplication.php(141): CWebApplication->runController()
#4 /backup/test/var/www/html/pms/framework/base/CApplication.php(185): CWebApplication->processRequest()
#5 /backup/test/var/www/html/pms/index.php(14): CWebApplication->run()
REQUEST_URI=/pms/index.php?r=Admin_Dashboard/statusget
2017/09/14 11:22:24 [error] [php] Undefined offset: 0 (/backup/test/var/www/html/pms/protected/controllers/Admin_DashboardController.php:788)
Stack trace:
#0 /backup/test/var/www/html/pms/framework/web/CController.php(286): Admin_DashboardController->runAction()
#1 /backup/test/var/www/html/pms/framework/web/CController.php(265): Admin_DashboardController->runActionWithFilters()
#2 /backup/test/var/www/html/pms/framework/web/CWebApplication.php(282): Admin_DashboardController->run()
#3 /backup/test/var/www/html/pms/framework/web/CWebApplication.php(141): CWebApplication->runController()
#4 /backup/test/var/www/html/pms/framework/base/CApplication.php(185): CWebApplication->processRequest()
#5 /backup/test/var/www/html/pms/index.php(14): CWebApplication->run()
REQUEST_URI=/pms/index.php?r=Admin_Dashboard/statusget
2017/09/14 11:22:26 [error] [php] Undefined offset: 0 (/backup/test/var/www/html/pms/protected/controllers/Admin_DashboardController.php:788)
Stack trace:
#0 /backup/test/var/www/html/pms/framework/web/CController.php(286): Admin_DashboardController->runAction()
#1 /backup/test/var/www/html/pms/framework/web/CController.php(265): Admin_DashboardController->runActionWithFilters()
#2 /backup/test/var/www/html/pms/framework/web/CWebApplication.php(282): Admin_DashboardController->run()
#3 /backup/test/var/www/html/pms/framework/web/CWebApplication.php(141): CWebApplication->runController()
#4 /backup/test/var/www/html/pms/framework/base/CApplication.php(185): CWebApplication->processRequest()
#5 /backup/test/var/www/html/pms/index.php(14): CWebApplication->run()
REQUEST_URI=/pms/index.php?r=Admin_Dashboard/statusget
2017/09/14 11:22:26 [error] [php] Undefined offset: 0 (/backup/test/var/www/html/pms/protected/controllers/Admin_DashboardController.php:788)
Stack trace:
#0 /backup/test/var/www/html/pms/framework/web/CController.php(286): Admin_DashboardController->runAction()
#1 /backup/test/var/www/html/pms/framework/web/CController.php(265): Admin_DashboardController->runActionWithFilters()
#2 /backup/test/var/www/html/pms/framework/web/CWebApplication.php(282): Admin_DashboardController->run()
#3 /backup/test/var/www/html/pms/framework/web/CWebApplication.php(141): CWebApplication->runController()
#4 /backup/test/var/www/html/pms/framework/base/CApplication.php(185): CWebApplication->processRequest()
#5 /backup/test/var/www/html/pms/index.php(14): CWebApplication->run()
REQUEST_URI=/pms/index.php?r=Admin_Dashboard/statusget
2017/09/14 11:22:26 [error] [php] Undefined offset: 0 (/backup/test/var/www/html/pms/protected/controllers/Admin_DashboardController.php:788)
Stack trace:
#0 /backup/test/var/www/html/pms/framework/web/CController.php(286): Admin_DashboardController->runAction()
#1 /backup/test/var/www/html/pms/framework/web/CController.php(265): Admin_DashboardController->runActionWithFilters()
#2 /backup/test/var/www/html/pms/framework/web/CWebApplication.php(282): Admin_DashboardController->run()
#3 /backup/test/var/www/html/pms/framework/web/CWebApplication.php(141): CWebApplication->runController()
#4 /backup/test/var/www/html/pms/framework/base/CApplication.php(185): CWebApplication->processRequest()
#5 /backup/test/var/www/html/pms/index.php(14): CWebApplication->run()
REQUEST_URI=/pms/index.php?r=Admin_Dashboard/statusget
2017/09/14 11:22:26 [error] [php] Undefined offset: 0 (/backup/test/var/www/html/pms/protected/controllers/Admin_DashboardController.php:788)
Stack trace:
#0 /backup/test/var/www/html/pms/framework/web/CController.php(286): Admin_DashboardController->runAction()
#1 /backup/test/var/www/html/pms/framework/web/CController.php(265): Admin_DashboardController->runActionWithFilters()
#2 /backup/test/var/www/html/pms/framework/web/CWebApplication.php(282): Admin_DashboardController->run()
#3 /backup/test/var/www/html/pms/framework/web/CWebApplication.php(141): CWebApplication->runController()
#4 /backup/test/var/www/html/pms/framework/base/CApplication.php(185): CWebApplication->processRequest()
#5 /backup/test/var/www/html/pms/index.php(14): CWebApplication->run()
REQUEST_URI=/pms/index.php?r=Admin_Dashboard/statusget
2017/09/14 11:22:26 [error] [php] Undefined offset: 0 (/backup/test/var/www/html/pms/protected/controllers/Admin_DashboardController.php:788)
Stack trace:
#0 /backup/test/var/www/html/pms/framework/web/CController.php(286): Admin_DashboardController->runAction()
#1 /backup/test/var/www/html/pms/framework/web/CController.php(265): Admin_DashboardController->runActionWithFilters()
#2 /backup/test/var/www/html/pms/framework/web/CWebApplication.php(282): Admin_DashboardController->run()
#3 /backup/test/var/www/html/pms/framework/web/CWebApplication.php(141): CWebApplication->runController()
#4 /backup/test/var/www/html/pms/framework/base/CApplication.php(185): CWebApplication->processRequest()
#5 /backup/test/var/www/html/pms/index.php(14): CWebApplication->run()
REQUEST_URI=/pms/index.php?r=Admin_Dashboard/statusget
2017/09/14 11:24:04 [error] [php] Undefined offset: 0 (/backup/test/var/www/html/pms/protected/controllers/Admin_DashboardController.php:788)
Stack trace:
#0 /backup/test/var/www/html/pms/framework/web/CController.php(286): Admin_DashboardController->runAction()
#1 /backup/test/var/www/html/pms/framework/web/CController.php(265): Admin_DashboardController->runActionWithFilters()
#2 /backup/test/var/www/html/pms/framework/web/CWebApplication.php(282): Admin_DashboardController->run()
#3 /backup/test/var/www/html/pms/framework/web/CWebApplication.php(141): CWebApplication->runController()
#4 /backup/test/var/www/html/pms/framework/base/CApplication.php(185): CWebApplication->processRequest()
#5 /backup/test/var/www/html/pms/index.php(14): CWebApplication->run()
REQUEST_URI=/pms/index.php?r=Admin_Dashboard/statusget
2017/09/14 11:24:13 [error] [php] Undefined offset: 0 (/backup/test/var/www/html/pms/protected/controllers/Admin_DashboardController.php:788)
Stack trace:
#0 /backup/test/var/www/html/pms/framework/web/CController.php(286): Admin_DashboardController->runAction()
#1 /backup/test/var/www/html/pms/framework/web/CController.php(265): Admin_DashboardController->runActionWithFilters()
#2 /backup/test/var/www/html/pms/framework/web/CWebApplication.php(282): Admin_DashboardController->run()
#3 /backup/test/var/www/html/pms/framework/web/CWebApplication.php(141): CWebApplication->runController()
#4 /backup/test/var/www/html/pms/framework/base/CApplication.php(185): CWebApplication->processRequest()
#5 /backup/test/var/www/html/pms/index.php(14): CWebApplication->run()
REQUEST_URI=/pms/index.php?r=Admin_Dashboard/statusget
2017/09/14 11:24:54 [error] [php] Undefined offset: 0 (/backup/test/var/www/html/pms/protected/controllers/Admin_DashboardController.php:788)
Stack trace:
#0 /backup/test/var/www/html/pms/framework/web/CController.php(286): Admin_DashboardController->runAction()
#1 /backup/test/var/www/html/pms/framework/web/CController.php(265): Admin_DashboardController->runActionWithFilters()
#2 /backup/test/var/www/html/pms/framework/web/CWebApplication.php(282): Admin_DashboardController->run()
#3 /backup/test/var/www/html/pms/framework/web/CWebApplication.php(141): CWebApplication->runController()
#4 /backup/test/var/www/html/pms/framework/base/CApplication.php(185): CWebApplication->processRequest()
#5 /backup/test/var/www/html/pms/index.php(14): CWebApplication->run()
REQUEST_URI=/pms/index.php?r=Admin_Dashboard/statusget
2017/09/14 11:24:58 [error] [php] Undefined offset: 0 (/backup/test/var/www/html/pms/protected/controllers/Admin_DashboardController.php:788)
Stack trace:
#0 /backup/test/var/www/html/pms/framework/web/CController.php(286): Admin_DashboardController->runAction()
#1 /backup/test/var/www/html/pms/framework/web/CController.php(265): Admin_DashboardController->runActionWithFilters()
#2 /backup/test/var/www/html/pms/framework/web/CWebApplication.php(282): Admin_DashboardController->run()
#3 /backup/test/var/www/html/pms/framework/web/CWebApplication.php(141): CWebApplication->runController()
#4 /backup/test/var/www/html/pms/framework/base/CApplication.php(185): CWebApplication->processRequest()
#5 /backup/test/var/www/html/pms/index.php(14): CWebApplication->run()
REQUEST_URI=/pms/index.php?r=Admin_Dashboard/statusget
2017/09/14 11:24:58 [error] [php] Undefined offset: 0 (/backup/test/var/www/html/pms/protected/controllers/Admin_DashboardController.php:788)
Stack trace:
#0 /backup/test/var/www/html/pms/framework/web/CController.php(286): Admin_DashboardController->runAction()
#1 /backup/test/var/www/html/pms/framework/web/CController.php(265): Admin_DashboardController->runActionWithFilters()
#2 /backup/test/var/www/html/pms/framework/web/CWebApplication.php(282): Admin_DashboardController->run()
#3 /backup/test/var/www/html/pms/framework/web/CWebApplication.php(141): CWebApplication->runController()
#4 /backup/test/var/www/html/pms/framework/base/CApplication.php(185): CWebApplication->processRequest()
#5 /backup/test/var/www/html/pms/index.php(14): CWebApplication->run()
REQUEST_URI=/pms/index.php?r=Admin_Dashboard/statusget
2017/09/14 11:24:58 [error] [php] Undefined offset: 0 (/backup/test/var/www/html/pms/protected/controllers/Admin_DashboardController.php:788)
Stack trace:
#0 /backup/test/var/www/html/pms/framework/web/CController.php(286): Admin_DashboardController->runAction()
#1 /backup/test/var/www/html/pms/framework/web/CController.php(265): Admin_DashboardController->runActionWithFilters()
#2 /backup/test/var/www/html/pms/framework/web/CWebApplication.php(282): Admin_DashboardController->run()
#3 /backup/test/var/www/html/pms/framework/web/CWebApplication.php(141): CWebApplication->runController()
#4 /backup/test/var/www/html/pms/framework/base/CApplication.php(185): CWebApplication->processRequest()
#5 /backup/test/var/www/html/pms/index.php(14): CWebApplication->run()
REQUEST_URI=/pms/index.php?r=Admin_Dashboard/statusget
2017/09/14 11:24:59 [error] [php] Undefined offset: 0 (/backup/test/var/www/html/pms/protected/controllers/Admin_DashboardController.php:788)
Stack trace:
#0 /backup/test/var/www/html/pms/framework/web/CController.php(286): Admin_DashboardController->runAction()
#1 /backup/test/var/www/html/pms/framework/web/CController.php(265): Admin_DashboardController->runActionWithFilters()
#2 /backup/test/var/www/html/pms/framework/web/CWebApplication.php(282): Admin_DashboardController->run()
#3 /backup/test/var/www/html/pms/framework/web/CWebApplication.php(141): CWebApplication->runController()
#4 /backup/test/var/www/html/pms/framework/base/CApplication.php(185): CWebApplication->processRequest()
#5 /backup/test/var/www/html/pms/index.php(14): CWebApplication->run()
REQUEST_URI=/pms/index.php?r=Admin_Dashboard/statusget
2017/09/14 11:24:59 [error] [php] Undefined offset: 0 (/backup/test/var/www/html/pms/protected/controllers/Admin_DashboardController.php:788)
Stack trace:
#0 /backup/test/var/www/html/pms/framework/web/CController.php(286): Admin_DashboardController->runAction()
#1 /backup/test/var/www/html/pms/framework/web/CController.php(265): Admin_DashboardController->runActionWithFilters()
#2 /backup/test/var/www/html/pms/framework/web/CWebApplication.php(282): Admin_DashboardController->run()
#3 /backup/test/var/www/html/pms/framework/web/CWebApplication.php(141): CWebApplication->runController()
#4 /backup/test/var/www/html/pms/framework/base/CApplication.php(185): CWebApplication->processRequest()
#5 /backup/test/var/www/html/pms/index.php(14): CWebApplication->run()
REQUEST_URI=/pms/index.php?r=Admin_Dashboard/statusget
2017/09/14 11:24:59 [error] [php] Undefined offset: 0 (/backup/test/var/www/html/pms/protected/controllers/Admin_DashboardController.php:788)
Stack trace:
#0 /backup/test/var/www/html/pms/framework/web/CController.php(286): Admin_DashboardController->runAction()
#1 /backup/test/var/www/html/pms/framework/web/CController.php(265): Admin_DashboardController->runActionWithFilters()
#2 /backup/test/var/www/html/pms/framework/web/CWebApplication.php(282): Admin_DashboardController->run()
#3 /backup/test/var/www/html/pms/framework/web/CWebApplication.php(141): CWebApplication->runController()
#4 /backup/test/var/www/html/pms/framework/base/CApplication.php(185): CWebApplication->processRequest()
#5 /backup/test/var/www/html/pms/index.php(14): CWebApplication->run()
REQUEST_URI=/pms/index.php?r=Admin_Dashboard/statusget
2017/09/14 11:24:59 [error] [php] Undefined offset: 0 (/backup/test/var/www/html/pms/protected/controllers/Admin_DashboardController.php:788)
Stack trace:
#0 /backup/test/var/www/html/pms/framework/web/CController.php(286): Admin_DashboardController->runAction()
#1 /backup/test/var/www/html/pms/framework/web/CController.php(265): Admin_DashboardController->runActionWithFilters()
#2 /backup/test/var/www/html/pms/framework/web/CWebApplication.php(282): Admin_DashboardController->run()
#3 /backup/test/var/www/html/pms/framework/web/CWebApplication.php(141): CWebApplication->runController()
#4 /backup/test/var/www/html/pms/framework/base/CApplication.php(185): CWebApplication->processRequest()
#5 /backup/test/var/www/html/pms/index.php(14): CWebApplication->run()
REQUEST_URI=/pms/index.php?r=Admin_Dashboard/statusget
2017/09/14 11:24:59 [error] [php] Undefined offset: 0 (/backup/test/var/www/html/pms/protected/controllers/Admin_DashboardController.php:788)
Stack trace:
#0 /backup/test/var/www/html/pms/framework/web/CController.php(286): Admin_DashboardController->runAction()
#1 /backup/test/var/www/html/pms/framework/web/CController.php(265): Admin_DashboardController->runActionWithFilters()
#2 /backup/test/var/www/html/pms/framework/web/CWebApplication.php(282): Admin_DashboardController->run()
#3 /backup/test/var/www/html/pms/framework/web/CWebApplication.php(141): CWebApplication->runController()
#4 /backup/test/var/www/html/pms/framework/base/CApplication.php(185): CWebApplication->processRequest()
#5 /backup/test/var/www/html/pms/index.php(14): CWebApplication->run()
REQUEST_URI=/pms/index.php?r=Admin_Dashboard/statusget
2017/09/14 11:25:00 [error] [php] Undefined offset: 0 (/backup/test/var/www/html/pms/protected/controllers/Admin_DashboardController.php:788)
Stack trace:
#0 /backup/test/var/www/html/pms/framework/web/CController.php(286): Admin_DashboardController->runAction()
#1 /backup/test/var/www/html/pms/framework/web/CController.php(265): Admin_DashboardController->runActionWithFilters()
#2 /backup/test/var/www/html/pms/framework/web/CWebApplication.php(282): Admin_DashboardController->run()
#3 /backup/test/var/www/html/pms/framework/web/CWebApplication.php(141): CWebApplication->runController()
#4 /backup/test/var/www/html/pms/framework/base/CApplication.php(185): CWebApplication->processRequest()
#5 /backup/test/var/www/html/pms/index.php(14): CWebApplication->run()
REQUEST_URI=/pms/index.php?r=Admin_Dashboard/statusget
2017/09/14 11:25:00 [error] [php] Undefined offset: 0 (/backup/test/var/www/html/pms/protected/controllers/Admin_DashboardController.php:788)
Stack trace:
#0 /backup/test/var/www/html/pms/framework/web/CController.php(286): Admin_DashboardController->runAction()
#1 /backup/test/var/www/html/pms/framework/web/CController.php(265): Admin_DashboardController->runActionWithFilters()
#2 /backup/test/var/www/html/pms/framework/web/CWebApplication.php(282): Admin_DashboardController->run()
#3 /backup/test/var/www/html/pms/framework/web/CWebApplication.php(141): CWebApplication->runController()
#4 /backup/test/var/www/html/pms/framework/base/CApplication.php(185): CWebApplication->processRequest()
#5 /backup/test/var/www/html/pms/index.php(14): CWebApplication->run()
REQUEST_URI=/pms/index.php?r=Admin_Dashboard/statusget
2017/09/14 11:25:00 [error] [php] Undefined offset: 0 (/backup/test/var/www/html/pms/protected/controllers/Admin_DashboardController.php:788)
Stack trace:
#0 /backup/test/var/www/html/pms/framework/web/CController.php(286): Admin_DashboardController->runAction()
#1 /backup/test/var/www/html/pms/framework/web/CController.php(265): Admin_DashboardController->runActionWithFilters()
#2 /backup/test/var/www/html/pms/framework/web/CWebApplication.php(282): Admin_DashboardController->run()
#3 /backup/test/var/www/html/pms/framework/web/CWebApplication.php(141): CWebApplication->runController()
#4 /backup/test/var/www/html/pms/framework/base/CApplication.php(185): CWebApplication->processRequest()
#5 /backup/test/var/www/html/pms/index.php(14): CWebApplication->run()
REQUEST_URI=/pms/index.php?r=Admin_Dashboard/statusget
2017/09/14 11:25:48 [error] [php] Undefined offset: 0 (/backup/test/var/www/html/pms/protected/controllers/Admin_DashboardController.php:788)
Stack trace:
#0 /backup/test/var/www/html/pms/framework/web/CController.php(286): Admin_DashboardController->runAction()
#1 /backup/test/var/www/html/pms/framework/web/CController.php(265): Admin_DashboardController->runActionWithFilters()
#2 /backup/test/var/www/html/pms/framework/web/CWebApplication.php(282): Admin_DashboardController->run()
#3 /backup/test/var/www/html/pms/framework/web/CWebApplication.php(141): CWebApplication->runController()
#4 /backup/test/var/www/html/pms/framework/base/CApplication.php(185): CWebApplication->processRequest()
#5 /backup/test/var/www/html/pms/index.php(14): CWebApplication->run()
REQUEST_URI=/pms/index.php?r=Admin_Dashboard/statusget
2017/09/14 11:25:54 [error] [php] Undefined offset: 0 (/backup/test/var/www/html/pms/protected/controllers/Admin_DashboardController.php:788)
Stack trace:
#0 /backup/test/var/www/html/pms/framework/web/CController.php(286): Admin_DashboardController->runAction()
#1 /backup/test/var/www/html/pms/framework/web/CController.php(265): Admin_DashboardController->runActionWithFilters()
#2 /backup/test/var/www/html/pms/framework/web/CWebApplication.php(282): Admin_DashboardController->run()
#3 /backup/test/var/www/html/pms/framework/web/CWebApplication.php(141): CWebApplication->runController()
#4 /backup/test/var/www/html/pms/framework/base/CApplication.php(185): CWebApplication->processRequest()
#5 /backup/test/var/www/html/pms/index.php(14): CWebApplication->run()
REQUEST_URI=/pms/index.php?r=Admin_Dashboard/statusget
2017/09/14 11:25:54 [error] [php] Undefined offset: 0 (/backup/test/var/www/html/pms/protected/controllers/Admin_DashboardController.php:788)
Stack trace:
#0 /backup/test/var/www/html/pms/framework/web/CController.php(286): Admin_DashboardController->runAction()
#1 /backup/test/var/www/html/pms/framework/web/CController.php(265): Admin_DashboardController->runActionWithFilters()
#2 /backup/test/var/www/html/pms/framework/web/CWebApplication.php(282): Admin_DashboardController->run()
#3 /backup/test/var/www/html/pms/framework/web/CWebApplication.php(141): CWebApplication->runController()
#4 /backup/test/var/www/html/pms/framework/base/CApplication.php(185): CWebApplication->processRequest()
#5 /backup/test/var/www/html/pms/index.php(14): CWebApplication->run()
REQUEST_URI=/pms/index.php?r=Admin_Dashboard/statusget
2017/09/14 11:25:54 [error] [php] Undefined offset: 0 (/backup/test/var/www/html/pms/protected/controllers/Admin_DashboardController.php:788)
Stack trace:
#0 /backup/test/var/www/html/pms/framework/web/CController.php(286): Admin_DashboardController->runAction()
#1 /backup/test/var/www/html/pms/framework/web/CController.php(265): Admin_DashboardController->runActionWithFilters()
#2 /backup/test/var/www/html/pms/framework/web/CWebApplication.php(282): Admin_DashboardController->run()
#3 /backup/test/var/www/html/pms/framework/web/CWebApplication.php(141): CWebApplication->runController()
#4 /backup/test/var/www/html/pms/framework/base/CApplication.php(185): CWebApplication->processRequest()
#5 /backup/test/var/www/html/pms/index.php(14): CWebApplication->run()
REQUEST_URI=/pms/index.php?r=Admin_Dashboard/statusget
2017/09/14 11:25:54 [error] [php] Undefined offset: 0 (/backup/test/var/www/html/pms/protected/controllers/Admin_DashboardController.php:788)
Stack trace:
#0 /backup/test/var/www/html/pms/framework/web/CController.php(286): Admin_DashboardController->runAction()
#1 /backup/test/var/www/html/pms/framework/web/CController.php(265): Admin_DashboardController->runActionWithFilters()
#2 /backup/test/var/www/html/pms/framework/web/CWebApplication.php(282): Admin_DashboardController->run()
#3 /backup/test/var/www/html/pms/framework/web/CWebApplication.php(141): CWebApplication->runController()
#4 /backup/test/var/www/html/pms/framework/base/CApplication.php(185): CWebApplication->processRequest()
#5 /backup/test/var/www/html/pms/index.php(14): CWebApplication->run()
REQUEST_URI=/pms/index.php?r=Admin_Dashboard/statusget
2017/09/14 11:25:55 [error] [php] Undefined offset: 0 (/backup/test/var/www/html/pms/protected/controllers/Admin_DashboardController.php:788)
Stack trace:
#0 /backup/test/var/www/html/pms/framework/web/CController.php(286): Admin_DashboardController->runAction()
#1 /backup/test/var/www/html/pms/framework/web/CController.php(265): Admin_DashboardController->runActionWithFilters()
#2 /backup/test/var/www/html/pms/framework/web/CWebApplication.php(282): Admin_DashboardController->run()
#3 /backup/test/var/www/html/pms/framework/web/CWebApplication.php(141): CWebApplication->runController()
#4 /backup/test/var/www/html/pms/framework/base/CApplication.php(185): CWebApplication->processRequest()
#5 /backup/test/var/www/html/pms/index.php(14): CWebApplication->run()
REQUEST_URI=/pms/index.php?r=Admin_Dashboard/statusget
2017/09/14 11:30:05 [error] [php] Undefined index: Reporting_officer1_id (/backup/test/var/www/html/pms/protected/controllers/Admin_DashboardController.php:1413)
Stack trace:
#0 /backup/test/var/www/html/pms/framework/web/CController.php(286): Admin_DashboardController->runAction()
#1 /backup/test/var/www/html/pms/framework/web/CController.php(265): Admin_DashboardController->runActionWithFilters()
#2 /backup/test/var/www/html/pms/framework/web/CWebApplication.php(282): Admin_DashboardController->run()
#3 /backup/test/var/www/html/pms/framework/web/CWebApplication.php(141): CWebApplication->runController()
#4 /backup/test/var/www/html/pms/framework/base/CApplication.php(185): CWebApplication->processRequest()
#5 /backup/test/var/www/html/pms/index.php(14): CWebApplication->run()
REQUEST_URI=/pms/index.php?r=Admin_Dashboard/statusgetMid
2017/09/14 11:30:16 [error] [php] Undefined index: Reporting_officer1_id (/backup/test/var/www/html/pms/protected/controllers/Admin_DashboardController.php:1413)
Stack trace:
#0 /backup/test/var/www/html/pms/framework/web/CController.php(286): Admin_DashboardController->runAction()
#1 /backup/test/var/www/html/pms/framework/web/CController.php(265): Admin_DashboardController->runActionWithFilters()
#2 /backup/test/var/www/html/pms/framework/web/CWebApplication.php(282): Admin_DashboardController->run()
#3 /backup/test/var/www/html/pms/framework/web/CWebApplication.php(141): CWebApplication->runController()
#4 /backup/test/var/www/html/pms/framework/base/CApplication.php(185): CWebApplication->processRequest()
#5 /backup/test/var/www/html/pms/index.php(14): CWebApplication->run()
REQUEST_URI=/pms/index.php?r=Admin_Dashboard/statusgetMid
2017/09/14 11:32:49 [error] [php] Undefined index: Reporting_officer1_id (/backup/test/var/www/html/pms/protected/controllers/Admin_DashboardController.php:1413)
Stack trace:
#0 /backup/test/var/www/html/pms/framework/web/CController.php(286): Admin_DashboardController->runAction()
#1 /backup/test/var/www/html/pms/framework/web/CController.php(265): Admin_DashboardController->runActionWithFilters()
#2 /backup/test/var/www/html/pms/framework/web/CWebApplication.php(282): Admin_DashboardController->run()
#3 /backup/test/var/www/html/pms/framework/web/CWebApplication.php(141): CWebApplication->runController()
#4 /backup/test/var/www/html/pms/framework/base/CApplication.php(185): CWebApplication->processRequest()
#5 /backup/test/var/www/html/pms/index.php(14): CWebApplication->run()
REQUEST_URI=/pms/index.php?r=Admin_Dashboard/statusgetMid
2017/09/14 11:32:50 [error] [php] Undefined index: Reporting_officer1_id (/backup/test/var/www/html/pms/protected/controllers/Admin_DashboardController.php:1413)
Stack trace:
#0 /backup/test/var/www/html/pms/framework/web/CController.php(286): Admin_DashboardController->runAction()
#1 /backup/test/var/www/html/pms/framework/web/CController.php(265): Admin_DashboardController->runActionWithFilters()
#2 /backup/test/var/www/html/pms/framework/web/CWebApplication.php(282): Admin_DashboardController->run()
#3 /backup/test/var/www/html/pms/framework/web/CWebApplication.php(141): CWebApplication->runController()
#4 /backup/test/var/www/html/pms/framework/base/CApplication.php(185): CWebApplication->processRequest()
#5 /backup/test/var/www/html/pms/index.php(14): CWebApplication->run()
REQUEST_URI=/pms/index.php?r=Admin_Dashboard/statusgetMid
2017/09/14 11:32:52 [error] [php] Undefined index: Reporting_officer1_id (/backup/test/var/www/html/pms/protected/controllers/Admin_DashboardController.php:1413)
Stack trace:
#0 /backup/test/var/www/html/pms/framework/web/CController.php(286): Admin_DashboardController->runAction()
#1 /backup/test/var/www/html/pms/framework/web/CController.php(265): Admin_DashboardController->runActionWithFilters()
#2 /backup/test/var/www/html/pms/framework/web/CWebApplication.php(282): Admin_DashboardController->run()
#3 /backup/test/var/www/html/pms/framework/web/CWebApplication.php(141): CWebApplication->runController()
#4 /backup/test/var/www/html/pms/framework/base/CApplication.php(185): CWebApplication->processRequest()
#5 /backup/test/var/www/html/pms/index.php(14): CWebApplication->run()
REQUEST_URI=/pms/index.php?r=Admin_Dashboard/statusgetMid
2017/09/14 11:32:52 [error] [php] Undefined index: Reporting_officer1_id (/backup/test/var/www/html/pms/protected/controllers/Admin_DashboardController.php:1413)
Stack trace:
#0 /backup/test/var/www/html/pms/framework/web/CController.php(286): Admin_DashboardController->runAction()
#1 /backup/test/var/www/html/pms/framework/web/CController.php(265): Admin_DashboardController->runActionWithFilters()
#2 /backup/test/var/www/html/pms/framework/web/CWebApplication.php(282): Admin_DashboardController->run()
#3 /backup/test/var/www/html/pms/framework/web/CWebApplication.php(141): CWebApplication->runController()
#4 /backup/test/var/www/html/pms/framework/base/CApplication.php(185): CWebApplication->processRequest()
#5 /backup/test/var/www/html/pms/index.php(14): CWebApplication->run()
REQUEST_URI=/pms/index.php?r=Admin_Dashboard/statusgetMid
2017/09/14 11:33:23 [error] [exception.ParseError] ParseError: syntax error, unexpected ')', expecting ']' in /backup/test/var/www/html/pms/protected/controllers/Admin_DashboardController.php:1444
Stack trace:
#0 /backup/test/var/www/html/pms/framework/web/CWebApplication.php(276): CWebApplication->createController('statusgetMid/')
#1 /backup/test/var/www/html/pms/framework/web/CWebApplication.php(141): CWebApplication->runController('Admin_Dashboard...')
#2 /backup/test/var/www/html/pms/framework/base/CApplication.php(185): CWebApplication->processRequest()
#3 /backup/test/var/www/html/pms/index.php(14): CApplication->run()
#4 {main}
REQUEST_URI=/pms/index.php?r=Admin_Dashboard/statusgetMid
HTTP_REFERER=https://kritva.in/pms/index.php?r=Admin_Dashboard
---
2017/09/14 11:33:25 [error] [exception.ParseError] ParseError: syntax error, unexpected ')', expecting ']' in /backup/test/var/www/html/pms/protected/controllers/Admin_DashboardController.php:1444
Stack trace:
#0 /backup/test/var/www/html/pms/framework/web/CWebApplication.php(276): CWebApplication->createController('statusgetMid/')
#1 /backup/test/var/www/html/pms/framework/web/CWebApplication.php(141): CWebApplication->runController('Admin_Dashboard...')
#2 /backup/test/var/www/html/pms/framework/base/CApplication.php(185): CWebApplication->processRequest()
#3 /backup/test/var/www/html/pms/index.php(14): CApplication->run()
#4 {main}
REQUEST_URI=/pms/index.php?r=Admin_Dashboard/statusgetMid
HTTP_REFERER=https://kritva.in/pms/index.php?r=Admin_Dashboard
---
2017/09/14 11:33:28 [error] [exception.ParseError] ParseError: syntax error, unexpected ')', expecting ']' in /backup/test/var/www/html/pms/protected/controllers/Admin_DashboardController.php:1444
Stack trace:
#0 /backup/test/var/www/html/pms/framework/web/CWebApplication.php(276): CWebApplication->createController('statusgetMid/')
#1 /backup/test/var/www/html/pms/framework/web/CWebApplication.php(141): CWebApplication->runController('Admin_Dashboard...')
#2 /backup/test/var/www/html/pms/framework/base/CApplication.php(185): CWebApplication->processRequest()
#3 /backup/test/var/www/html/pms/index.php(14): CApplication->run()
#4 {main}
REQUEST_URI=/pms/index.php?r=Admin_Dashboard/statusgetMid
HTTP_REFERER=https://kritva.in/pms/index.php?r=Admin_Dashboard
---
2017/09/14 11:33:30 [error] [exception.ParseError] ParseError: syntax error, unexpected ')', expecting ']' in /backup/test/var/www/html/pms/protected/controllers/Admin_DashboardController.php:1444
Stack trace:
#0 /backup/test/var/www/html/pms/framework/web/CWebApplication.php(276): CWebApplication->createController('statusgetIdp/')
#1 /backup/test/var/www/html/pms/framework/web/CWebApplication.php(141): CWebApplication->runController('Admin_Dashboard...')
#2 /backup/test/var/www/html/pms/framework/base/CApplication.php(185): CWebApplication->processRequest()
#3 /backup/test/var/www/html/pms/index.php(14): CApplication->run()
#4 {main}
REQUEST_URI=/pms/index.php?r=Admin_Dashboard/statusgetIdp
HTTP_REFERER=https://kritva.in/pms/index.php?r=Admin_Dashboard
---
2017/09/14 11:34:12 [error] [exception.ParseError] ParseError: syntax error, unexpected ')', expecting ']' in /backup/test/var/www/html/pms/protected/controllers/Admin_DashboardController.php:1444
Stack trace:
#0 /backup/test/var/www/html/pms/framework/web/CWebApplication.php(276): CWebApplication->createController('statusgetMid/')
#1 /backup/test/var/www/html/pms/framework/web/CWebApplication.php(141): CWebApplication->runController('Admin_Dashboard...')
#2 /backup/test/var/www/html/pms/framework/base/CApplication.php(185): CWebApplication->processRequest()
#3 /backup/test/var/www/html/pms/index.php(14): CApplication->run()
#4 {main}
REQUEST_URI=/pms/index.php?r=Admin_Dashboard/statusgetMid
HTTP_REFERER=https://kritva.in/pms/index.php?r=Admin_Dashboard
---
2017/09/14 11:34:12 [error] [exception.ParseError] ParseError: syntax error, unexpected ')', expecting ']' in /backup/test/var/www/html/pms/protected/controllers/Admin_DashboardController.php:1444
Stack trace:
#0 /backup/test/var/www/html/pms/framework/web/CWebApplication.php(276): CWebApplication->createController('statusgetIdp/')
#1 /backup/test/var/www/html/pms/framework/web/CWebApplication.php(141): CWebApplication->runController('Admin_Dashboard...')
#2 /backup/test/var/www/html/pms/framework/base/CApplication.php(185): CWebApplication->processRequest()
#3 /backup/test/var/www/html/pms/index.php(14): CApplication->run()
#4 {main}
REQUEST_URI=/pms/index.php?r=Admin_Dashboard/statusgetIdp
HTTP_REFERER=https://kritva.in/pms/index.php?r=Admin_Dashboard
---
2017/09/14 11:34:16 [error] [exception.ParseError] ParseError: syntax error, unexpected ')', expecting ']' in /backup/test/var/www/html/pms/protected/controllers/Admin_DashboardController.php:1444
Stack trace:
#0 /backup/test/var/www/html/pms/framework/web/CWebApplication.php(276): CWebApplication->createController('statusgetMid/')
#1 /backup/test/var/www/html/pms/framework/web/CWebApplication.php(141): CWebApplication->runController('Admin_Dashboard...')
#2 /backup/test/var/www/html/pms/framework/base/CApplication.php(185): CWebApplication->processRequest()
#3 /backup/test/var/www/html/pms/index.php(14): CApplication->run()
#4 {main}
REQUEST_URI=/pms/index.php?r=Admin_Dashboard/statusgetMid
HTTP_REFERER=https://kritva.in/pms/index.php?r=Admin_Dashboard
---
2017/09/14 11:34:44 [error] [php] Undefined index: Reporting_officer1_id (/backup/test/var/www/html/pms/protected/controllers/Admin_DashboardController.php:1413)
Stack trace:
#0 /backup/test/var/www/html/pms/framework/web/CController.php(286): Admin_DashboardController->runAction()
#1 /backup/test/var/www/html/pms/framework/web/CController.php(265): Admin_DashboardController->runActionWithFilters()
#2 /backup/test/var/www/html/pms/framework/web/CWebApplication.php(282): Admin_DashboardController->run()
#3 /backup/test/var/www/html/pms/framework/web/CWebApplication.php(141): CWebApplication->runController()
#4 /backup/test/var/www/html/pms/framework/base/CApplication.php(185): CWebApplication->processRequest()
#5 /backup/test/var/www/html/pms/index.php(14): CWebApplication->run()
REQUEST_URI=/pms/index.php?r=Admin_Dashboard/statusgetMid
2017/09/14 11:34:52 [error] [php] Undefined index: Reporting_officer1_id (/backup/test/var/www/html/pms/protected/controllers/Admin_DashboardController.php:1413)
Stack trace:
#0 /backup/test/var/www/html/pms/framework/web/CController.php(286): Admin_DashboardController->runAction()
#1 /backup/test/var/www/html/pms/framework/web/CController.php(265): Admin_DashboardController->runActionWithFilters()
#2 /backup/test/var/www/html/pms/framework/web/CWebApplication.php(282): Admin_DashboardController->run()
#3 /backup/test/var/www/html/pms/framework/web/CWebApplication.php(141): CWebApplication->runController()
#4 /backup/test/var/www/html/pms/framework/base/CApplication.php(185): CWebApplication->processRequest()
#5 /backup/test/var/www/html/pms/index.php(14): CWebApplication->run()
REQUEST_URI=/pms/index.php?r=Admin_Dashboard/statusgetMid
2017/09/14 11:35:32 [error] [php] Undefined index: Reporting_officer1_id (/backup/test/var/www/html/pms/protected/controllers/Admin_DashboardController.php:1413)
Stack trace:
#0 /backup/test/var/www/html/pms/framework/web/CController.php(286): Admin_DashboardController->runAction()
#1 /backup/test/var/www/html/pms/framework/web/CController.php(265): Admin_DashboardController->runActionWithFilters()
#2 /backup/test/var/www/html/pms/framework/web/CWebApplication.php(282): Admin_DashboardController->run()
#3 /backup/test/var/www/html/pms/framework/web/CWebApplication.php(141): CWebApplication->runController()
#4 /backup/test/var/www/html/pms/framework/base/CApplication.php(185): CWebApplication->processRequest()
#5 /backup/test/var/www/html/pms/index.php(14): CWebApplication->run()
REQUEST_URI=/pms/index.php?r=Admin_Dashboard/statusgetMid
2017/09/14 11:35:34 [error] [php] Undefined index: Reporting_officer1_id (/backup/test/var/www/html/pms/protected/controllers/Admin_DashboardController.php:1413)
Stack trace:
#0 /backup/test/var/www/html/pms/framework/web/CController.php(286): Admin_DashboardController->runAction()
#1 /backup/test/var/www/html/pms/framework/web/CController.php(265): Admin_DashboardController->runActionWithFilters()
#2 /backup/test/var/www/html/pms/framework/web/CWebApplication.php(282): Admin_DashboardController->run()
#3 /backup/test/var/www/html/pms/framework/web/CWebApplication.php(141): CWebApplication->runController()
#4 /backup/test/var/www/html/pms/framework/base/CApplication.php(185): CWebApplication->processRequest()
#5 /backup/test/var/www/html/pms/index.php(14): CWebApplication->run()
REQUEST_URI=/pms/index.php?r=Admin_Dashboard/statusgetMid
2017/09/14 11:35:42 [error] [php] Undefined index: Reporting_officer1_id (/backup/test/var/www/html/pms/protected/controllers/Admin_DashboardController.php:1413)
Stack trace:
#0 /backup/test/var/www/html/pms/framework/web/CController.php(286): Admin_DashboardController->runAction()
#1 /backup/test/var/www/html/pms/framework/web/CController.php(265): Admin_DashboardController->runActionWithFilters()
#2 /backup/test/var/www/html/pms/framework/web/CWebApplication.php(282): Admin_DashboardController->run()
#3 /backup/test/var/www/html/pms/framework/web/CWebApplication.php(141): CWebApplication->runController()
#4 /backup/test/var/www/html/pms/framework/base/CApplication.php(185): CWebApplication->processRequest()
#5 /backup/test/var/www/html/pms/index.php(14): CWebApplication->run()
REQUEST_URI=/pms/index.php?r=Admin_Dashboard/statusgetMid
2017/09/14 11:35:43 [error] [php] Undefined index: Reporting_officer1_id (/backup/test/var/www/html/pms/protected/controllers/Admin_DashboardController.php:1413)
Stack trace:
#0 /backup/test/var/www/html/pms/framework/web/CController.php(286): Admin_DashboardController->runAction()
#1 /backup/test/var/www/html/pms/framework/web/CController.php(265): Admin_DashboardController->runActionWithFilters()
#2 /backup/test/var/www/html/pms/framework/web/CWebApplication.php(282): Admin_DashboardController->run()
#3 /backup/test/var/www/html/pms/framework/web/CWebApplication.php(141): CWebApplication->runController()
#4 /backup/test/var/www/html/pms/framework/base/CApplication.php(185): CWebApplication->processRequest()
#5 /backup/test/var/www/html/pms/index.php(14): CWebApplication->run()
REQUEST_URI=/pms/index.php?r=Admin_Dashboard/statusgetMid
2017/09/14 11:35:43 [error] [php] Undefined index: Reporting_officer1_id (/backup/test/var/www/html/pms/protected/controllers/Admin_DashboardController.php:1413)
Stack trace:
#0 /backup/test/var/www/html/pms/framework/web/CController.php(286): Admin_DashboardController->runAction()
#1 /backup/test/var/www/html/pms/framework/web/CController.php(265): Admin_DashboardController->runActionWithFilters()
#2 /backup/test/var/www/html/pms/framework/web/CWebApplication.php(282): Admin_DashboardController->run()
#3 /backup/test/var/www/html/pms/framework/web/CWebApplication.php(141): CWebApplication->runController()
#4 /backup/test/var/www/html/pms/framework/base/CApplication.php(185): CWebApplication->processRequest()
#5 /backup/test/var/www/html/pms/index.php(14): CWebApplication->run()
REQUEST_URI=/pms/index.php?r=Admin_Dashboard/statusgetMid
2017/09/14 11:35:43 [error] [php] Undefined index: Reporting_officer1_id (/backup/test/var/www/html/pms/protected/controllers/Admin_DashboardController.php:1413)
Stack trace:
#0 /backup/test/var/www/html/pms/framework/web/CController.php(286): Admin_DashboardController->runAction()
#1 /backup/test/var/www/html/pms/framework/web/CController.php(265): Admin_DashboardController->runActionWithFilters()
#2 /backup/test/var/www/html/pms/framework/web/CWebApplication.php(282): Admin_DashboardController->run()
#3 /backup/test/var/www/html/pms/framework/web/CWebApplication.php(141): CWebApplication->runController()
#4 /backup/test/var/www/html/pms/framework/base/CApplication.php(185): CWebApplication->processRequest()
#5 /backup/test/var/www/html/pms/index.php(14): CWebApplication->run()
REQUEST_URI=/pms/index.php?r=Admin_Dashboard/statusgetMid
2017/09/14 11:35:43 [error] [php] Undefined index: Reporting_officer1_id (/backup/test/var/www/html/pms/protected/controllers/Admin_DashboardController.php:1413)
Stack trace:
#0 /backup/test/var/www/html/pms/framework/web/CController.php(286): Admin_DashboardController->runAction()
#1 /backup/test/var/www/html/pms/framework/web/CController.php(265): Admin_DashboardController->runActionWithFilters()
#2 /backup/test/var/www/html/pms/framework/web/CWebApplication.php(282): Admin_DashboardController->run()
#3 /backup/test/var/www/html/pms/framework/web/CWebApplication.php(141): CWebApplication->runController()
#4 /backup/test/var/www/html/pms/framework/base/CApplication.php(185): CWebApplication->processRequest()
#5 /backup/test/var/www/html/pms/index.php(14): CWebApplication->run()
REQUEST_URI=/pms/index.php?r=Admin_Dashboard/statusgetMid
2017/09/14 11:35:44 [error] [php] Undefined index: Reporting_officer1_id (/backup/test/var/www/html/pms/protected/controllers/Admin_DashboardController.php:1413)
Stack trace:
#0 /backup/test/var/www/html/pms/framework/web/CController.php(286): Admin_DashboardController->runAction()
#1 /backup/test/var/www/html/pms/framework/web/CController.php(265): Admin_DashboardController->runActionWithFilters()
#2 /backup/test/var/www/html/pms/framework/web/CWebApplication.php(282): Admin_DashboardController->run()
#3 /backup/test/var/www/html/pms/framework/web/CWebApplication.php(141): CWebApplication->runController()
#4 /backup/test/var/www/html/pms/framework/base/CApplication.php(185): CWebApplication->processRequest()
#5 /backup/test/var/www/html/pms/index.php(14): CWebApplication->run()
REQUEST_URI=/pms/index.php?r=Admin_Dashboard/statusgetMid
2017/09/14 11:36:18 [error] [php] Undefined index: Reporting_officer1_id (/backup/test/var/www/html/pms/protected/controllers/Admin_DashboardController.php:1413)
Stack trace:
#0 /backup/test/var/www/html/pms/framework/web/CController.php(286): Admin_DashboardController->runAction()
#1 /backup/test/var/www/html/pms/framework/web/CController.php(265): Admin_DashboardController->runActionWithFilters()
#2 /backup/test/var/www/html/pms/framework/web/CWebApplication.php(282): Admin_DashboardController->run()
#3 /backup/test/var/www/html/pms/framework/web/CWebApplication.php(141): CWebApplication->runController()
#4 /backup/test/var/www/html/pms/framework/base/CApplication.php(185): CWebApplication->processRequest()
#5 /backup/test/var/www/html/pms/index.php(14): CWebApplication->run()
REQUEST_URI=/pms/index.php?r=Admin_Dashboard/statusgetMid
2017/09/14 11:36:50 [error] [php] Undefined index: Reporting_officer1_id (/backup/test/var/www/html/pms/protected/controllers/Admin_DashboardController.php:1413)
Stack trace:
#0 /backup/test/var/www/html/pms/framework/web/CController.php(286): Admin_DashboardController->runAction()
#1 /backup/test/var/www/html/pms/framework/web/CController.php(265): Admin_DashboardController->runActionWithFilters()
#2 /backup/test/var/www/html/pms/framework/web/CWebApplication.php(282): Admin_DashboardController->run()
#3 /backup/test/var/www/html/pms/framework/web/CWebApplication.php(141): CWebApplication->runController()
#4 /backup/test/var/www/html/pms/framework/base/CApplication.php(185): CWebApplication->processRequest()
#5 /backup/test/var/www/html/pms/index.php(14): CWebApplication->run()
REQUEST_URI=/pms/index.php?r=Admin_Dashboard/statusgetMid
2017/09/14 11:36:51 [error] [php] Undefined index: Reporting_officer1_id (/backup/test/var/www/html/pms/protected/controllers/Admin_DashboardController.php:1413)
Stack trace:
#0 /backup/test/var/www/html/pms/framework/web/CController.php(286): Admin_DashboardController->runAction()
#1 /backup/test/var/www/html/pms/framework/web/CController.php(265): Admin_DashboardController->runActionWithFilters()
#2 /backup/test/var/www/html/pms/framework/web/CWebApplication.php(282): Admin_DashboardController->run()
#3 /backup/test/var/www/html/pms/framework/web/CWebApplication.php(141): CWebApplication->runController()
#4 /backup/test/var/www/html/pms/framework/base/CApplication.php(185): CWebApplication->processRequest()
#5 /backup/test/var/www/html/pms/index.php(14): CWebApplication->run()
REQUEST_URI=/pms/index.php?r=Admin_Dashboard/statusgetMid
2017/09/14 11:36:51 [error] [php] Undefined index: Reporting_officer1_id (/backup/test/var/www/html/pms/protected/controllers/Admin_DashboardController.php:1413)
Stack trace:
#0 /backup/test/var/www/html/pms/framework/web/CController.php(286): Admin_DashboardController->runAction()
#1 /backup/test/var/www/html/pms/framework/web/CController.php(265): Admin_DashboardController->runActionWithFilters()
#2 /backup/test/var/www/html/pms/framework/web/CWebApplication.php(282): Admin_DashboardController->run()
#3 /backup/test/var/www/html/pms/framework/web/CWebApplication.php(141): CWebApplication->runController()
#4 /backup/test/var/www/html/pms/framework/base/CApplication.php(185): CWebApplication->processRequest()
#5 /backup/test/var/www/html/pms/index.php(14): CWebApplication->run()
REQUEST_URI=/pms/index.php?r=Admin_Dashboard/statusgetMid
2017/09/14 11:36:52 [error] [php] Undefined index: Reporting_officer1_id (/backup/test/var/www/html/pms/protected/controllers/Admin_DashboardController.php:1413)
Stack trace:
#0 /backup/test/var/www/html/pms/framework/web/CController.php(286): Admin_DashboardController->runAction()
#1 /backup/test/var/www/html/pms/framework/web/CController.php(265): Admin_DashboardController->runActionWithFilters()
#2 /backup/test/var/www/html/pms/framework/web/CWebApplication.php(282): Admin_DashboardController->run()
#3 /backup/test/var/www/html/pms/framework/web/CWebApplication.php(141): CWebApplication->runController()
#4 /backup/test/var/www/html/pms/framework/base/CApplication.php(185): CWebApplication->processRequest()
#5 /backup/test/var/www/html/pms/index.php(14): CWebApplication->run()
REQUEST_URI=/pms/index.php?r=Admin_Dashboard/statusgetMid
2017/09/14 11:36:59 [error] [php] Undefined index: Reporting_officer1_id (/backup/test/var/www/html/pms/protected/controllers/Admin_DashboardController.php:1413)
Stack trace:
#0 /backup/test/var/www/html/pms/framework/web/CController.php(286): Admin_DashboardController->runAction()
#1 /backup/test/var/www/html/pms/framework/web/CController.php(265): Admin_DashboardController->runActionWithFilters()
#2 /backup/test/var/www/html/pms/framework/web/CWebApplication.php(282): Admin_DashboardController->run()
#3 /backup/test/var/www/html/pms/framework/web/CWebApplication.php(141): CWebApplication->runController()
#4 /backup/test/var/www/html/pms/framework/base/CApplication.php(185): CWebApplication->processRequest()
#5 /backup/test/var/www/html/pms/index.php(14): CWebApplication->run()
REQUEST_URI=/pms/index.php?r=Admin_Dashboard/statusgetMid
2017/09/14 11:39:31 [error] [php] Undefined offset: 0 (/backup/test/var/www/html/pms/protected/controllers/Admin_DashboardController.php:1449)
Stack trace:
#0 /backup/test/var/www/html/pms/framework/web/CController.php(286): Admin_DashboardController->runAction()
#1 /backup/test/var/www/html/pms/framework/web/CController.php(265): Admin_DashboardController->runActionWithFilters()
#2 /backup/test/var/www/html/pms/framework/web/CWebApplication.php(282): Admin_DashboardController->run()
#3 /backup/test/var/www/html/pms/framework/web/CWebApplication.php(141): CWebApplication->runController()
#4 /backup/test/var/www/html/pms/framework/base/CApplication.php(185): CWebApplication->processRequest()
#5 /backup/test/var/www/html/pms/index.php(14): CWebApplication->run()
REQUEST_URI=/pms/index.php?r=Admin_Dashboard/statusgetMid
2017/09/14 11:39:33 [error] [php] Undefined offset: 0 (/backup/test/var/www/html/pms/protected/controllers/Admin_DashboardController.php:1449)
Stack trace:
#0 /backup/test/var/www/html/pms/framework/web/CController.php(286): Admin_DashboardController->runAction()
#1 /backup/test/var/www/html/pms/framework/web/CController.php(265): Admin_DashboardController->runActionWithFilters()
#2 /backup/test/var/www/html/pms/framework/web/CWebApplication.php(282): Admin_DashboardController->run()
#3 /backup/test/var/www/html/pms/framework/web/CWebApplication.php(141): CWebApplication->runController()
#4 /backup/test/var/www/html/pms/framework/base/CApplication.php(185): CWebApplication->processRequest()
#5 /backup/test/var/www/html/pms/index.php(14): CWebApplication->run()
REQUEST_URI=/pms/index.php?r=Admin_Dashboard/statusgetMid
2017/09/14 11:39:41 [error] [php] Undefined offset: 0 (/backup/test/var/www/html/pms/protected/controllers/Admin_DashboardController.php:1449)
Stack trace:
#0 /backup/test/var/www/html/pms/framework/web/CController.php(286): Admin_DashboardController->runAction()
#1 /backup/test/var/www/html/pms/framework/web/CController.php(265): Admin_DashboardController->runActionWithFilters()
#2 /backup/test/var/www/html/pms/framework/web/CWebApplication.php(282): Admin_DashboardController->run()
#3 /backup/test/var/www/html/pms/framework/web/CWebApplication.php(141): CWebApplication->runController()
#4 /backup/test/var/www/html/pms/framework/base/CApplication.php(185): CWebApplication->processRequest()
#5 /backup/test/var/www/html/pms/index.php(14): CWebApplication->run()
REQUEST_URI=/pms/index.php?r=Admin_Dashboard/statusgetMid
2017/09/14 11:41:26 [error] [php] Undefined offset: 0 (/backup/test/var/www/html/pms/protected/controllers/Admin_DashboardController.php:1738)
Stack trace:
#0 /backup/test/var/www/html/pms/framework/web/CController.php(286): Admin_DashboardController->runAction()
#1 /backup/test/var/www/html/pms/framework/web/CController.php(265): Admin_DashboardController->runActionWithFilters()
#2 /backup/test/var/www/html/pms/framework/web/CWebApplication.php(282): Admin_DashboardController->run()
#3 /backup/test/var/www/html/pms/framework/web/CWebApplication.php(141): CWebApplication->runController()
#4 /backup/test/var/www/html/pms/framework/base/CApplication.php(185): CWebApplication->processRequest()
#5 /backup/test/var/www/html/pms/index.php(14): CWebApplication->run()
REQUEST_URI=/pms/index.php/Admin_Dashboard/getYearEndStat
2017/09/14 11:41:37 [error] [php] Undefined offset: 0 (/backup/test/var/www/html/pms/protected/controllers/Admin_DashboardController.php:1738)
Stack trace:
#0 /backup/test/var/www/html/pms/framework/web/CController.php(286): Admin_DashboardController->runAction()
#1 /backup/test/var/www/html/pms/framework/web/CController.php(265): Admin_DashboardController->runActionWithFilters()
#2 /backup/test/var/www/html/pms/framework/web/CWebApplication.php(282): Admin_DashboardController->run()
#3 /backup/test/var/www/html/pms/framework/web/CWebApplication.php(141): CWebApplication->runController()
#4 /backup/test/var/www/html/pms/framework/base/CApplication.php(185): CWebApplication->processRequest()
#5 /backup/test/var/www/html/pms/index.php(14): CWebApplication->run()
REQUEST_URI=/pms/index.php/Admin_Dashboard/getYearEndStat
2017/09/14 11:41:47 [error] [php] Undefined offset: 0 (/backup/test/var/www/html/pms/protected/controllers/Admin_DashboardController.php:1738)
Stack trace:
#0 /backup/test/var/www/html/pms/framework/web/CController.php(286): Admin_DashboardController->runAction()
#1 /backup/test/var/www/html/pms/framework/web/CController.php(265): Admin_DashboardController->runActionWithFilters()
#2 /backup/test/var/www/html/pms/framework/web/CWebApplication.php(282): Admin_DashboardController->run()
#3 /backup/test/var/www/html/pms/framework/web/CWebApplication.php(141): CWebApplication->runController()
#4 /backup/test/var/www/html/pms/framework/base/CApplication.php(185): CWebApplication->processRequest()
#5 /backup/test/var/www/html/pms/index.php(14): CWebApplication->run()
REQUEST_URI=/pms/index.php/Admin_Dashboard/getYearEndStat
2017/09/14 11:41:51 [error] [php] Undefined offset: 0 (/backup/test/var/www/html/pms/protected/controllers/Admin_DashboardController.php:1738)
Stack trace:
#0 /backup/test/var/www/html/pms/framework/web/CController.php(286): Admin_DashboardController->runAction()
#1 /backup/test/var/www/html/pms/framework/web/CController.php(265): Admin_DashboardController->runActionWithFilters()
#2 /backup/test/var/www/html/pms/framework/web/CWebApplication.php(282): Admin_DashboardController->run()
#3 /backup/test/var/www/html/pms/framework/web/CWebApplication.php(141): CWebApplication->runController()
#4 /backup/test/var/www/html/pms/framework/base/CApplication.php(185): CWebApplication->processRequest()
#5 /backup/test/var/www/html/pms/index.php(14): CWebApplication->run()
REQUEST_URI=/pms/index.php/Admin_Dashboard/getYearEndStat
2017/09/14 11:42:10 [error] [php] Undefined offset: 0 (/backup/test/var/www/html/pms/protected/controllers/Admin_DashboardController.php:1738)
Stack trace:
#0 /backup/test/var/www/html/pms/framework/web/CController.php(286): Admin_DashboardController->runAction()
#1 /backup/test/var/www/html/pms/framework/web/CController.php(265): Admin_DashboardController->runActionWithFilters()
#2 /backup/test/var/www/html/pms/framework/web/CWebApplication.php(282): Admin_DashboardController->run()
#3 /backup/test/var/www/html/pms/framework/web/CWebApplication.php(141): CWebApplication->runController()
#4 /backup/test/var/www/html/pms/framework/base/CApplication.php(185): CWebApplication->processRequest()
#5 /backup/test/var/www/html/pms/index.php(14): CWebApplication->run()
REQUEST_URI=/pms/index.php/Admin_Dashboard/getYearEndStat
2017/09/14 11:45:43 [error] [php] Undefined offset: 0 (/backup/test/var/www/html/pms/protected/controllers/Admin_DashboardController.php:1738)
Stack trace:
#0 /backup/test/var/www/html/pms/framework/web/CController.php(286): Admin_DashboardController->runAction()
#1 /backup/test/var/www/html/pms/framework/web/CController.php(265): Admin_DashboardController->runActionWithFilters()
#2 /backup/test/var/www/html/pms/framework/web/CWebApplication.php(282): Admin_DashboardController->run()
#3 /backup/test/var/www/html/pms/framework/web/CWebApplication.php(141): CWebApplication->runController()
#4 /backup/test/var/www/html/pms/framework/base/CApplication.php(185): CWebApplication->processRequest()
#5 /backup/test/var/www/html/pms/index.php(14): CWebApplication->run()
REQUEST_URI=/pms/index.php/Admin_Dashboard/getYearEndStat
2017/09/14 11:46:19 [error] [php] Undefined offset: 0 (/backup/test/var/www/html/pms/protected/controllers/Admin_DashboardController.php:1741)
Stack trace:
#0 /backup/test/var/www/html/pms/framework/web/CController.php(286): Admin_DashboardController->runAction()
#1 /backup/test/var/www/html/pms/framework/web/CController.php(265): Admin_DashboardController->runActionWithFilters()
#2 /backup/test/var/www/html/pms/framework/web/CWebApplication.php(282): Admin_DashboardController->run()
#3 /backup/test/var/www/html/pms/framework/web/CWebApplication.php(141): CWebApplication->runController()
#4 /backup/test/var/www/html/pms/framework/base/CApplication.php(185): CWebApplication->processRequest()
#5 /backup/test/var/www/html/pms/index.php(14): CWebApplication->run()
REQUEST_URI=/pms/index.php/Admin_Dashboard/getYearEndStat
2017/09/14 11:46:21 [error] [php] Undefined offset: 0 (/backup/test/var/www/html/pms/protected/controllers/Admin_DashboardController.php:1741)
Stack trace:
#0 /backup/test/var/www/html/pms/framework/web/CController.php(286): Admin_DashboardController->runAction()
#1 /backup/test/var/www/html/pms/framework/web/CController.php(265): Admin_DashboardController->runActionWithFilters()
#2 /backup/test/var/www/html/pms/framework/web/CWebApplication.php(282): Admin_DashboardController->run()
#3 /backup/test/var/www/html/pms/framework/web/CWebApplication.php(141): CWebApplication->runController()
#4 /backup/test/var/www/html/pms/framework/base/CApplication.php(185): CWebApplication->processRequest()
#5 /backup/test/var/www/html/pms/index.php(14): CWebApplication->run()
REQUEST_URI=/pms/index.php/Admin_Dashboard/getYearEndStat
2017/09/14 11:46:45 [error] [php] Undefined offset: 0 (/backup/test/var/www/html/pms/protected/controllers/Admin_DashboardController.php:1741)
Stack trace:
#0 /backup/test/var/www/html/pms/framework/web/CController.php(286): Admin_DashboardController->runAction()
#1 /backup/test/var/www/html/pms/framework/web/CController.php(265): Admin_DashboardController->runActionWithFilters()
#2 /backup/test/var/www/html/pms/framework/web/CWebApplication.php(282): Admin_DashboardController->run()
#3 /backup/test/var/www/html/pms/framework/web/CWebApplication.php(141): CWebApplication->runController()
#4 /backup/test/var/www/html/pms/framework/base/CApplication.php(185): CWebApplication->processRequest()
#5 /backup/test/var/www/html/pms/index.php(14): CWebApplication->run()
REQUEST_URI=/pms/index.php/Admin_Dashboard/getYearEndStat
2017/09/14 11:46:49 [error] [php] Undefined offset: 0 (/backup/test/var/www/html/pms/protected/controllers/Admin_DashboardController.php:1741)
Stack trace:
#0 /backup/test/var/www/html/pms/framework/web/CController.php(286): Admin_DashboardController->runAction()
#1 /backup/test/var/www/html/pms/framework/web/CController.php(265): Admin_DashboardController->runActionWithFilters()
#2 /backup/test/var/www/html/pms/framework/web/CWebApplication.php(282): Admin_DashboardController->run()
#3 /backup/test/var/www/html/pms/framework/web/CWebApplication.php(141): CWebApplication->runController()
#4 /backup/test/var/www/html/pms/framework/base/CApplication.php(185): CWebApplication->processRequest()
#5 /backup/test/var/www/html/pms/index.php(14): CWebApplication->run()
REQUEST_URI=/pms/index.php/Admin_Dashboard/getYearEndStat
2017/09/14 11:46:49 [error] [php] Undefined offset: 0 (/backup/test/var/www/html/pms/protected/controllers/Admin_DashboardController.php:1741)
Stack trace:
#0 /backup/test/var/www/html/pms/framework/web/CController.php(286): Admin_DashboardController->runAction()
#1 /backup/test/var/www/html/pms/framework/web/CController.php(265): Admin_DashboardController->runActionWithFilters()
#2 /backup/test/var/www/html/pms/framework/web/CWebApplication.php(282): Admin_DashboardController->run()
#3 /backup/test/var/www/html/pms/framework/web/CWebApplication.php(141): CWebApplication->runController()
#4 /backup/test/var/www/html/pms/framework/base/CApplication.php(185): CWebApplication->processRequest()
#5 /backup/test/var/www/html/pms/index.php(14): CWebApplication->run()
REQUEST_URI=/pms/index.php/Admin_Dashboard/getYearEndStat
2017/09/14 11:46:50 [error] [php] Undefined offset: 0 (/backup/test/var/www/html/pms/protected/controllers/Admin_DashboardController.php:1741)
Stack trace:
#0 /backup/test/var/www/html/pms/framework/web/CController.php(286): Admin_DashboardController->runAction()
#1 /backup/test/var/www/html/pms/framework/web/CController.php(265): Admin_DashboardController->runActionWithFilters()
#2 /backup/test/var/www/html/pms/framework/web/CWebApplication.php(282): Admin_DashboardController->run()
#3 /backup/test/var/www/html/pms/framework/web/CWebApplication.php(141): CWebApplication->runController()
#4 /backup/test/var/www/html/pms/framework/base/CApplication.php(185): CWebApplication->processRequest()
#5 /backup/test/var/www/html/pms/index.php(14): CWebApplication->run()
REQUEST_URI=/pms/index.php/Admin_Dashboard/getYearEndStat
2017/09/14 11:46:50 [error] [php] Undefined offset: 0 (/backup/test/var/www/html/pms/protected/controllers/Admin_DashboardController.php:1741)
Stack trace:
#0 /backup/test/var/www/html/pms/framework/web/CController.php(286): Admin_DashboardController->runAction()
#1 /backup/test/var/www/html/pms/framework/web/CController.php(265): Admin_DashboardController->runActionWithFilters()
#2 /backup/test/var/www/html/pms/framework/web/CWebApplication.php(282): Admin_DashboardController->run()
#3 /backup/test/var/www/html/pms/framework/web/CWebApplication.php(141): CWebApplication->runController()
#4 /backup/test/var/www/html/pms/framework/base/CApplication.php(185): CWebApplication->processRequest()
#5 /backup/test/var/www/html/pms/index.php(14): CWebApplication->run()
REQUEST_URI=/pms/index.php/Admin_Dashboard/getYearEndStat
2017/09/14 11:46:50 [error] [php] Undefined offset: 0 (/backup/test/var/www/html/pms/protected/controllers/Admin_DashboardController.php:1741)
Stack trace:
#0 /backup/test/var/www/html/pms/framework/web/CController.php(286): Admin_DashboardController->runAction()
#1 /backup/test/var/www/html/pms/framework/web/CController.php(265): Admin_DashboardController->runActionWithFilters()
#2 /backup/test/var/www/html/pms/framework/web/CWebApplication.php(282): Admin_DashboardController->run()
#3 /backup/test/var/www/html/pms/framework/web/CWebApplication.php(141): CWebApplication->runController()
#4 /backup/test/var/www/html/pms/framework/base/CApplication.php(185): CWebApplication->processRequest()
#5 /backup/test/var/www/html/pms/index.php(14): CWebApplication->run()
REQUEST_URI=/pms/index.php/Admin_Dashboard/getYearEndStat
2017/09/14 11:49:03 [error] [php] Undefined offset: 0 (/backup/test/var/www/html/pms/protected/controllers/Admin_DashboardController.php:1741)
Stack trace:
#0 /backup/test/var/www/html/pms/framework/web/CController.php(286): Admin_DashboardController->runAction()
#1 /backup/test/var/www/html/pms/framework/web/CController.php(265): Admin_DashboardController->runActionWithFilters()
#2 /backup/test/var/www/html/pms/framework/web/CWebApplication.php(282): Admin_DashboardController->run()
#3 /backup/test/var/www/html/pms/framework/web/CWebApplication.php(141): CWebApplication->runController()
#4 /backup/test/var/www/html/pms/framework/base/CApplication.php(185): CWebApplication->processRequest()
#5 /backup/test/var/www/html/pms/index.php(14): CWebApplication->run()
REQUEST_URI=/pms/index.php/Admin_Dashboard/getYearEndStat
2017/09/14 11:49:05 [error] [php] Undefined offset: 0 (/backup/test/var/www/html/pms/protected/controllers/Admin_DashboardController.php:1741)
Stack trace:
#0 /backup/test/var/www/html/pms/framework/web/CController.php(286): Admin_DashboardController->runAction()
#1 /backup/test/var/www/html/pms/framework/web/CController.php(265): Admin_DashboardController->runActionWithFilters()
#2 /backup/test/var/www/html/pms/framework/web/CWebApplication.php(282): Admin_DashboardController->run()
#3 /backup/test/var/www/html/pms/framework/web/CWebApplication.php(141): CWebApplication->runController()
#4 /backup/test/var/www/html/pms/framework/base/CApplication.php(185): CWebApplication->processRequest()
#5 /backup/test/var/www/html/pms/index.php(14): CWebApplication->run()
REQUEST_URI=/pms/index.php/Admin_Dashboard/getYearEndStat
2017/09/14 11:49:05 [error] [php] Undefined offset: 0 (/backup/test/var/www/html/pms/protected/controllers/Admin_DashboardController.php:1741)
Stack trace:
#0 /backup/test/var/www/html/pms/framework/web/CController.php(286): Admin_DashboardController->runAction()
#1 /backup/test/var/www/html/pms/framework/web/CController.php(265): Admin_DashboardController->runActionWithFilters()
#2 /backup/test/var/www/html/pms/framework/web/CWebApplication.php(282): Admin_DashboardController->run()
#3 /backup/test/var/www/html/pms/framework/web/CWebApplication.php(141): CWebApplication->runController()
#4 /backup/test/var/www/html/pms/framework/base/CApplication.php(185): CWebApplication->processRequest()
#5 /backup/test/var/www/html/pms/index.php(14): CWebApplication->run()
REQUEST_URI=/pms/index.php/Admin_Dashboard/getYearEndStat
2017/09/14 11:49:05 [error] [php] Undefined offset: 0 (/backup/test/var/www/html/pms/protected/controllers/Admin_DashboardController.php:1741)
Stack trace:
#0 /backup/test/var/www/html/pms/framework/web/CController.php(286): Admin_DashboardController->runAction()
#1 /backup/test/var/www/html/pms/framework/web/CController.php(265): Admin_DashboardController->runActionWithFilters()
#2 /backup/test/var/www/html/pms/framework/web/CWebApplication.php(282): Admin_DashboardController->run()
#3 /backup/test/var/www/html/pms/framework/web/CWebApplication.php(141): CWebApplication->runController()
#4 /backup/test/var/www/html/pms/framework/base/CApplication.php(185): CWebApplication->processRequest()
#5 /backup/test/var/www/html/pms/index.php(14): CWebApplication->run()
REQUEST_URI=/pms/index.php/Admin_Dashboard/getYearEndStat
2017/09/14 11:49:36 [error] [php] Undefined offset: 0 (/backup/test/var/www/html/pms/protected/controllers/Admin_DashboardController.php:1741)
Stack trace:
#0 /backup/test/var/www/html/pms/framework/web/CController.php(286): Admin_DashboardController->runAction()
#1 /backup/test/var/www/html/pms/framework/web/CController.php(265): Admin_DashboardController->runActionWithFilters()
#2 /backup/test/var/www/html/pms/framework/web/CWebApplication.php(282): Admin_DashboardController->run()
#3 /backup/test/var/www/html/pms/framework/web/CWebApplication.php(141): CWebApplication->runController()
#4 /backup/test/var/www/html/pms/framework/base/CApplication.php(185): CWebApplication->processRequest()
#5 /backup/test/var/www/html/pms/index.php(14): CWebApplication->run()
REQUEST_URI=/pms/index.php/Admin_Dashboard/getYearEndStat
2017/09/14 11:49:39 [error] [php] Undefined offset: 0 (/backup/test/var/www/html/pms/protected/controllers/Admin_DashboardController.php:1741)
Stack trace:
#0 /backup/test/var/www/html/pms/framework/web/CController.php(286): Admin_DashboardController->runAction()
#1 /backup/test/var/www/html/pms/framework/web/CController.php(265): Admin_DashboardController->runActionWithFilters()
#2 /backup/test/var/www/html/pms/framework/web/CWebApplication.php(282): Admin_DashboardController->run()
#3 /backup/test/var/www/html/pms/framework/web/CWebApplication.php(141): CWebApplication->runController()
#4 /backup/test/var/www/html/pms/framework/base/CApplication.php(185): CWebApplication->processRequest()
#5 /backup/test/var/www/html/pms/index.php(14): CWebApplication->run()
REQUEST_URI=/pms/index.php/Admin_Dashboard/getYearEndStat
2017/09/14 11:49:52 [error] [php] Undefined offset: 0 (/backup/test/var/www/html/pms/protected/controllers/Admin_DashboardController.php:1741)
Stack trace:
#0 /backup/test/var/www/html/pms/framework/web/CController.php(286): Admin_DashboardController->runAction()
#1 /backup/test/var/www/html/pms/framework/web/CController.php(265): Admin_DashboardController->runActionWithFilters()
#2 /backup/test/var/www/html/pms/framework/web/CWebApplication.php(282): Admin_DashboardController->run()
#3 /backup/test/var/www/html/pms/framework/web/CWebApplication.php(141): CWebApplication->runController()
#4 /backup/test/var/www/html/pms/framework/base/CApplication.php(185): CWebApplication->processRequest()
#5 /backup/test/var/www/html/pms/index.php(14): CWebApplication->run()
REQUEST_URI=/pms/index.php/Admin_Dashboard/getYearEndStat
2017/09/14 13:14:22 [error] [exception.CHttpException.404] CHttpException: Unable to resolve the request "libs/Blob.js/BlobBuilder.js". in /backup/test/var/www/html/pms/framework/web/CWebApplication.php:286
Stack trace:
#0 /backup/test/var/www/html/pms/framework/web/CWebApplication.php(141): CWebApplication->runController('libs/Blob.js/Bl...')
#1 /backup/test/var/www/html/pms/framework/base/CApplication.php(185): CWebApplication->processRequest()
#2 /backup/test/var/www/html/pms/index.php(14): CApplication->run()
#3 {main}
REQUEST_URI=//pms/index.php/libs/Blob.js/BlobBuilder.js
HTTP_REFERER=https://kritva.in//pms/index.php/Setgoals
---
2017/09/14 13:14:23 [error] [exception.CHttpException.404] CHttpException: Unable to resolve the request "libs/Blob.js/BlobBuilder.js". in /backup/test/var/www/html/pms/framework/web/CWebApplication.php:286
Stack trace:
#0 /backup/test/var/www/html/pms/framework/web/CWebApplication.php(141): CWebApplication->runController('libs/Blob.js/Bl...')
#1 /backup/test/var/www/html/pms/framework/base/CApplication.php(185): CWebApplication->processRequest()
#2 /backup/test/var/www/html/pms/index.php(14): CApplication->run()
#3 {main}
REQUEST_URI=//pms/index.php/libs/Blob.js/BlobBuilder.js
HTTP_REFERER=https://kritva.in//pms/index.php/Setgoals
---
2017/09/14 13:14:55 [error] [exception.CHttpException.404] CHttpException: Unable to resolve the request "libs/Blob.js/BlobBuilder.js". in /backup/test/var/www/html/pms/framework/web/CWebApplication.php:286
Stack trace:
#0 /backup/test/var/www/html/pms/framework/web/CWebApplication.php(141): CWebApplication->runController('libs/Blob.js/Bl...')
#1 /backup/test/var/www/html/pms/framework/base/CApplication.php(185): CWebApplication->processRequest()
#2 /backup/test/var/www/html/pms/index.php(14): CApplication->run()
#3 {main}
REQUEST_URI=//pms/index.php/libs/Blob.js/BlobBuilder.js
HTTP_REFERER=https://kritva.in//pms/index.php/Setgoals
---
2017/09/14 13:14:55 [error] [exception.CHttpException.404] CHttpException: Unable to resolve the request "libs/Blob.js/BlobBuilder.js". in /backup/test/var/www/html/pms/framework/web/CWebApplication.php:286
Stack trace:
#0 /backup/test/var/www/html/pms/framework/web/CWebApplication.php(141): CWebApplication->runController('libs/Blob.js/Bl...')
#1 /backup/test/var/www/html/pms/framework/base/CApplication.php(185): CWebApplication->processRequest()
#2 /backup/test/var/www/html/pms/index.php(14): CApplication->run()
#3 {main}
REQUEST_URI=//pms/index.php/libs/Blob.js/BlobBuilder.js
HTTP_REFERER=https://kritva.in//pms/index.php/Setgoals
---
2017/09/14 13:17:22 [error] [exception.CHttpException.404] CHttpException: Unable to resolve the request "libs/Blob.js/BlobBuilder.js". in /backup/test/var/www/html/pms/framework/web/CWebApplication.php:286
Stack trace:
#0 /backup/test/var/www/html/pms/framework/web/CWebApplication.php(141): CWebApplication->runController('libs/Blob.js/Bl...')
#1 /backup/test/var/www/html/pms/framework/base/CApplication.php(185): CWebApplication->processRequest()
#2 /backup/test/var/www/html/pms/index.php(14): CApplication->run()
#3 {main}
REQUEST_URI=/pms/index.php/libs/Blob.js/BlobBuilder.js
HTTP_REFERER=https://kritva.in/pms/index.php/Setgoals
---
2017/09/14 13:17:23 [error] [exception.CHttpException.404] CHttpException: Unable to resolve the request "libs/Blob.js/BlobBuilder.js". in /backup/test/var/www/html/pms/framework/web/CWebApplication.php:286
Stack trace:
#0 /backup/test/var/www/html/pms/framework/web/CWebApplication.php(141): CWebApplication->runController('libs/Blob.js/Bl...')
#1 /backup/test/var/www/html/pms/framework/base/CApplication.php(185): CWebApplication->processRequest()
#2 /backup/test/var/www/html/pms/index.php(14): CApplication->run()
#3 {main}
REQUEST_URI=/pms/index.php/libs/Blob.js/BlobBuilder.js
HTTP_REFERER=https://kritva.in/pms/index.php/Setgoals
---
2017/09/14 13:17:46 [error] [exception.CHttpException.404] CHttpException: Unable to resolve the request "libs/Blob.js/BlobBuilder.js". in /backup/test/var/www/html/pms/framework/web/CWebApplication.php:286
Stack trace:
#0 /backup/test/var/www/html/pms/framework/web/CWebApplication.php(141): CWebApplication->runController('libs/Blob.js/Bl...')
#1 /backup/test/var/www/html/pms/framework/base/CApplication.php(185): CWebApplication->processRequest()
#2 /backup/test/var/www/html/pms/index.php(14): CApplication->run()
#3 {main}
REQUEST_URI=/pms/index.php/libs/Blob.js/BlobBuilder.js
HTTP_REFERER=https://kritva.in/pms/index.php/Setgoals
---
2017/09/14 13:21:55 [error] [exception.CHttpException.404] CHttpException: Unable to resolve the request "52.172.210.251/pms/favicon.ico". in /backup/test/var/www/html/pms/framework/web/CWebApplication.php:286
Stack trace:
#0 /backup/test/var/www/html/pms/framework/web/CWebApplication.php(141): CWebApplication->runController('52.172.210.251/...')
#1 /backup/test/var/www/html/pms/framework/base/CApplication.php(185): CWebApplication->processRequest()
#2 /backup/test/var/www/html/pms/index.php(14): CApplication->run()
#3 {main}
REQUEST_URI=/pms/index.php/52.172.210.251/pms/favicon.ico
---
2017/09/14 13:23:52 [error] [exception.CHttpException.404] CHttpException: Unable to resolve the request "libs/Blob.js/BlobBuilder.js". in /backup/test/var/www/html/pms/framework/web/CWebApplication.php:286
Stack trace:
#0 /backup/test/var/www/html/pms/framework/web/CWebApplication.php(141): CWebApplication->runController('libs/Blob.js/Bl...')
#1 /backup/test/var/www/html/pms/framework/base/CApplication.php(185): CWebApplication->processRequest()
#2 /backup/test/var/www/html/pms/index.php(14): CApplication->run()
#3 {main}
REQUEST_URI=//pms/index.php/libs/Blob.js/BlobBuilder.js
HTTP_REFERER=https://kritva.in//pms/index.php/Setgoals
---
2017/09/14 13:23:52 [error] [exception.CHttpException.404] CHttpException: Unable to resolve the request "52.172.210.251/pms/favicon.ico". in /backup/test/var/www/html/pms/framework/web/CWebApplication.php:286
Stack trace:
#0 /backup/test/var/www/html/pms/framework/web/CWebApplication.php(141): CWebApplication->runController('52.172.210.251/...')
#1 /backup/test/var/www/html/pms/framework/base/CApplication.php(185): CWebApplication->processRequest()
#2 /backup/test/var/www/html/pms/index.php(14): CApplication->run()
#3 {main}
REQUEST_URI=//pms/index.php/52.172.210.251/pms/favicon.ico
---
2017/09/14 13:23:55 [error] [exception.CHttpException.404] CHttpException: Unable to resolve the request "libs/Blob.js/BlobBuilder.js". in /backup/test/var/www/html/pms/framework/web/CWebApplication.php:286
Stack trace:
#0 /backup/test/var/www/html/pms/framework/web/CWebApplication.php(141): CWebApplication->runController('libs/Blob.js/Bl...')
#1 /backup/test/var/www/html/pms/framework/base/CApplication.php(185): CWebApplication->processRequest()
#2 /backup/test/var/www/html/pms/index.php(14): CApplication->run()
#3 {main}
REQUEST_URI=//pms/index.php/libs/Blob.js/BlobBuilder.js
HTTP_REFERER=https://kritva.in//pms/index.php/Setgoals
---
2017/09/14 18:25:08 [error] [exception.CHttpException.404] CHttpException: The system is unable to find the requested action "libs". in /backup/test/var/www/html/pms/framework/web/CController.php:483
Stack trace:
#0 /backup/test/var/www/html/pms/framework/web/CController.php(270): CController->missingAction('libs')
#1 /backup/test/var/www/html/pms/framework/web/CWebApplication.php(282): CController->run('libs')
#2 /backup/test/var/www/html/pms/framework/web/CWebApplication.php(141): CWebApplication->runController('Setgoals/libs/B...')
#3 /backup/test/var/www/html/pms/framework/base/CApplication.php(185): CWebApplication->processRequest()
#4 /backup/test/var/www/html/pms/index.php(14): CApplication->run()
#5 {main}
REQUEST_URI=/pms/index.php/Setgoals/libs/Blob.js/BlobBuilder.js
HTTP_REFERER=https://kritva.in/pms/index.php/Setgoals/approvegoal_list
---
2017/09/14 18:25:11 [error] [exception.CHttpException.404] CHttpException: The system is unable to find the requested action "libs". in /backup/test/var/www/html/pms/framework/web/CController.php:483
Stack trace:
#0 /backup/test/var/www/html/pms/framework/web/CController.php(270): CController->missingAction('libs')
#1 /backup/test/var/www/html/pms/framework/web/CWebApplication.php(282): CController->run('libs')
#2 /backup/test/var/www/html/pms/framework/web/CWebApplication.php(141): CWebApplication->runController('Setgoals/libs/B...')
#3 /backup/test/var/www/html/pms/framework/base/CApplication.php(185): CWebApplication->processRequest()
#4 /backup/test/var/www/html/pms/index.php(14): CApplication->run()
#5 {main}
REQUEST_URI=/pms/index.php/Setgoals/libs/Blob.js/BlobBuilder.js
HTTP_REFERER=https://kritva.in/pms/index.php/Setgoals/approvegoal_list
---
2017/09/14 18:25:26 [error] [exception.CHttpException.404] CHttpException: The system is unable to find the requested action "libs". in /backup/test/var/www/html/pms/framework/web/CController.php:483
Stack trace:
#0 /backup/test/var/www/html/pms/framework/web/CController.php(270): CController->missingAction('libs')
#1 /backup/test/var/www/html/pms/framework/web/CWebApplication.php(282): CController->run('libs')
#2 /backup/test/var/www/html/pms/framework/web/CWebApplication.php(141): CWebApplication->runController('Setgoals/libs/B...')
#3 /backup/test/var/www/html/pms/framework/base/CApplication.php(185): CWebApplication->processRequest()
#4 /backup/test/var/www/html/pms/index.php(14): CApplication->run()
#5 {main}
REQUEST_URI=/pms/index.php/Setgoals/libs/Blob.js/BlobBuilder.js
HTTP_REFERER=https://kritva.in/pms/index.php/Setgoals/approvegoal_list
---
2017/09/14 18:25:28 [error] [exception.CHttpException.404] CHttpException: The system is unable to find the requested action "libs". in /backup/test/var/www/html/pms/framework/web/CController.php:483
Stack trace:
#0 /backup/test/var/www/html/pms/framework/web/CController.php(270): CController->missingAction('libs')
#1 /backup/test/var/www/html/pms/framework/web/CWebApplication.php(282): CController->run('libs')
#2 /backup/test/var/www/html/pms/framework/web/CWebApplication.php(141): CWebApplication->runController('Setgoals/libs/B...')
#3 /backup/test/var/www/html/pms/framework/base/CApplication.php(185): CWebApplication->processRequest()
#4 /backup/test/var/www/html/pms/index.php(14): CApplication->run()
#5 {main}
REQUEST_URI=/pms/index.php/Setgoals/libs/Blob.js/BlobBuilder.js
HTTP_REFERER=https://kritva.in/pms/index.php/Setgoals/approvegoal_list
---
2017/09/14 18:25:38 [error] [exception.CHttpException.404] CHttpException: Unable to resolve the request "libs/Blob.js/BlobBuilder.js". in /backup/test/var/www/html/pms/framework/web/CWebApplication.php:286
Stack trace:
#0 /backup/test/var/www/html/pms/framework/web/CWebApplication.php(141): CWebApplication->runController('libs/Blob.js/Bl...')
#1 /backup/test/var/www/html/pms/framework/base/CApplication.php(185): CWebApplication->processRequest()
#2 /backup/test/var/www/html/pms/index.php(14): CApplication->run()
#3 {main}
REQUEST_URI=/pms/index.php/libs/Blob.js/BlobBuilder.js
HTTP_REFERER=https://kritva.in/pms/index.php/Setgoals
---
2017/09/14 18:25:39 [error] [exception.CHttpException.404] CHttpException: Unable to resolve the request "libs/Blob.js/BlobBuilder.js". in /backup/test/var/www/html/pms/framework/web/CWebApplication.php:286
Stack trace:
#0 /backup/test/var/www/html/pms/framework/web/CWebApplication.php(141): CWebApplication->runController('libs/Blob.js/Bl...')
#1 /backup/test/var/www/html/pms/framework/base/CApplication.php(185): CWebApplication->processRequest()
#2 /backup/test/var/www/html/pms/index.php(14): CApplication->run()
#3 {main}
REQUEST_URI=/pms/index.php/libs/Blob.js/BlobBuilder.js
HTTP_REFERER=https://kritva.in/pms/index.php/Setgoals
---
2017/09/14 20:06:38 [error] [exception.CHttpException.404] CHttpException: Unable to resolve the request "libs/Blob.js/BlobBuilder.js". in /backup/test/var/www/html/pms/framework/web/CWebApplication.php:286
Stack trace:
#0 /backup/test/var/www/html/pms/framework/web/CWebApplication.php(141): CWebApplication->runController('libs/Blob.js/Bl...')
#1 /backup/test/var/www/html/pms/framework/base/CApplication.php(185): CWebApplication->processRequest()
#2 /backup/test/var/www/html/pms/index.php(14): CApplication->run()
#3 {main}
REQUEST_URI=//pms/index.php/libs/Blob.js/BlobBuilder.js
HTTP_REFERER=https://kritva.in//pms/index.php/Setgoals
---
2017/09/14 20:06:39 [error] [exception.CHttpException.404] CHttpException: Unable to resolve the request "libs/Blob.js/BlobBuilder.js". in /backup/test/var/www/html/pms/framework/web/CWebApplication.php:286
Stack trace:
#0 /backup/test/var/www/html/pms/framework/web/CWebApplication.php(141): CWebApplication->runController('libs/Blob.js/Bl...')
#1 /backup/test/var/www/html/pms/framework/base/CApplication.php(185): CWebApplication->processRequest()
#2 /backup/test/var/www/html/pms/index.php(14): CApplication->run()
#3 {main}
REQUEST_URI=//pms/index.php/libs/Blob.js/BlobBuilder.js
HTTP_REFERER=https://kritva.in//pms/index.php/Setgoals
---
2017/09/14 20:17:46 [error] [php] Undefined index: role_id (/backup/test/var/www/html/pms/protected/controllers/Account_testController.php:422)
Stack trace:
#0 /backup/test/var/www/html/pms/framework/web/CController.php(286): Account_testController->runAction()
#1 /backup/test/var/www/html/pms/framework/web/CController.php(265): Account_testController->runActionWithFilters()
#2 /backup/test/var/www/html/pms/framework/web/CWebApplication.php(282): Account_testController->run()
#3 /backup/test/var/www/html/pms/framework/web/CWebApplication.php(141): CWebApplication->runController()
#4 /backup/test/var/www/html/pms/framework/base/CApplication.php(185): CWebApplication->processRequest()
#5 /backup/test/var/www/html/pms/index.php(14): CWebApplication->run()
REQUEST_URI=/pms/index.php?r=Account_test/check
2017/09/14 20:17:51 [error] [php] Undefined index: role_id (/backup/test/var/www/html/pms/protected/controllers/Account_testController.php:422)
Stack trace:
#0 /backup/test/var/www/html/pms/framework/web/CController.php(286): Account_testController->runAction()
#1 /backup/test/var/www/html/pms/framework/web/CController.php(265): Account_testController->runActionWithFilters()
#2 /backup/test/var/www/html/pms/framework/web/CWebApplication.php(282): Account_testController->run()
#3 /backup/test/var/www/html/pms/framework/web/CWebApplication.php(141): CWebApplication->runController()
#4 /backup/test/var/www/html/pms/framework/base/CApplication.php(185): CWebApplication->processRequest()
#5 /backup/test/var/www/html/pms/index.php(14): CWebApplication->run()
REQUEST_URI=/pms/index.php?r=Account_test/check
2017/09/14 20:18:27 [error] [php] Undefined index: role_id (/backup/test/var/www/html/pms/protected/controllers/Account_testController.php:422)
Stack trace:
#0 /backup/test/var/www/html/pms/framework/web/CController.php(286): Account_testController->runAction()
#1 /backup/test/var/www/html/pms/framework/web/CController.php(265): Account_testController->runActionWithFilters()
#2 /backup/test/var/www/html/pms/framework/web/CWebApplication.php(282): Account_testController->run()
#3 /backup/test/var/www/html/pms/framework/web/CWebApplication.php(141): CWebApplication->runController()
#4 /backup/test/var/www/html/pms/framework/base/CApplication.php(185): CWebApplication->processRequest()
#5 /backup/test/var/www/html/pms/index.php(14): CWebApplication->run()
REQUEST_URI=/pms/index.php?r=Account_test/check
2017/09/14 20:18:30 [error] [php] Undefined index: role_id (/backup/test/var/www/html/pms/protected/controllers/Account_testController.php:422)
Stack trace:
#0 /backup/test/var/www/html/pms/framework/web/CController.php(286): Account_testController->runAction()
#1 /backup/test/var/www/html/pms/framework/web/CController.php(265): Account_testController->runActionWithFilters()
#2 /backup/test/var/www/html/pms/framework/web/CWebApplication.php(282): Account_testController->run()
#3 /backup/test/var/www/html/pms/framework/web/CWebApplication.php(141): CWebApplication->runController()
#4 /backup/test/var/www/html/pms/framework/base/CApplication.php(185): CWebApplication->processRequest()
#5 /backup/test/var/www/html/pms/index.php(14): CWebApplication->run()
REQUEST_URI=/pms/index.php?r=Account_test/check
2017/09/14 20:18:31 [error] [php] Undefined index: role_id (/backup/test/var/www/html/pms/protected/controllers/Account_testController.php:422)
Stack trace:
#0 /backup/test/var/www/html/pms/framework/web/CController.php(286): Account_testController->runAction()
#1 /backup/test/var/www/html/pms/framework/web/CController.php(265): Account_testController->runActionWithFilters()
#2 /backup/test/var/www/html/pms/framework/web/CWebApplication.php(282): Account_testController->run()
#3 /backup/test/var/www/html/pms/framework/web/CWebApplication.php(141): CWebApplication->runController()
#4 /backup/test/var/www/html/pms/framework/base/CApplication.php(185): CWebApplication->processRequest()
#5 /backup/test/var/www/html/pms/index.php(14): CWebApplication->run()
REQUEST_URI=/pms/index.php?r=Account_test/check
2017/09/14 20:18:31 [error] [php] Undefined index: role_id (/backup/test/var/www/html/pms/protected/controllers/Account_testController.php:422)
Stack trace:
#0 /backup/test/var/www/html/pms/framework/web/CController.php(286): Account_testController->runAction()
#1 /backup/test/var/www/html/pms/framework/web/CController.php(265): Account_testController->runActionWithFilters()
#2 /backup/test/var/www/html/pms/framework/web/CWebApplication.php(282): Account_testController->run()
#3 /backup/test/var/www/html/pms/framework/web/CWebApplication.php(141): CWebApplication->runController()
#4 /backup/test/var/www/html/pms/framework/base/CApplication.php(185): CWebApplication->processRequest()
#5 /backup/test/var/www/html/pms/index.php(14): CWebApplication->run()
REQUEST_URI=/pms/index.php?r=Account_test/check
2017/09/14 20:19:33 [error] [php] Undefined index: role_id (/backup/test/var/www/html/pms/protected/controllers/Account_testController.php:422)
Stack trace:
#0 /backup/test/var/www/html/pms/framework/web/CController.php(286): Account_testController->runAction()
#1 /backup/test/var/www/html/pms/framework/web/CController.php(265): Account_testController->runActionWithFilters()
#2 /backup/test/var/www/html/pms/framework/web/CWebApplication.php(282): Account_testController->run()
#3 /backup/test/var/www/html/pms/framework/web/CWebApplication.php(141): CWebApplication->runController()
#4 /backup/test/var/www/html/pms/framework/base/CApplication.php(185): CWebApplication->processRequest()
#5 /backup/test/var/www/html/pms/index.php(14): CWebApplication->run()
REQUEST_URI=/pms/index.php?r=Account_test/check
2017/09/14 20:19:42 [error] [php] Undefined index: role_id (/backup/test/var/www/html/pms/protected/controllers/Account_testController.php:422)
Stack trace:
#0 /backup/test/var/www/html/pms/framework/web/CController.php(286): Account_testController->runAction()
#1 /backup/test/var/www/html/pms/framework/web/CController.php(265): Account_testController->runActionWithFilters()
#2 /backup/test/var/www/html/pms/framework/web/CWebApplication.php(282): Account_testController->run()
#3 /backup/test/var/www/html/pms/framework/web/CWebApplication.php(141): CWebApplication->runController()
#4 /backup/test/var/www/html/pms/framework/base/CApplication.php(185): CWebApplication->processRequest()
#5 /backup/test/var/www/html/pms/index.php(14): CWebApplication->run()
REQUEST_URI=/pms/index.php?r=Account_test/check
2017/09/14 20:21:20 [error] [php] Undefined index: role_id (/backup/test/var/www/html/pms/protected/controllers/Account_testController.php:422)
Stack trace:
#0 /backup/test/var/www/html/pms/framework/web/CController.php(286): Account_testController->runAction()
#1 /backup/test/var/www/html/pms/framework/web/CController.php(265): Account_testController->runActionWithFilters()
#2 /backup/test/var/www/html/pms/framework/web/CWebApplication.php(282): Account_testController->run()
#3 /backup/test/var/www/html/pms/framework/web/CWebApplication.php(141): CWebApplication->runController()
#4 /backup/test/var/www/html/pms/framework/base/CApplication.php(185): CWebApplication->processRequest()
#5 /backup/test/var/www/html/pms/index.php(14): CWebApplication->run()
REQUEST_URI=/pms/index.php?r=Account_test/check
2017/09/14 20:21:23 [error] [php] Undefined index: role_id (/backup/test/var/www/html/pms/protected/controllers/Account_testController.php:422)
Stack trace:
#0 /backup/test/var/www/html/pms/framework/web/CController.php(286): Account_testController->runAction()
#1 /backup/test/var/www/html/pms/framework/web/CController.php(265): Account_testController->runActionWithFilters()
#2 /backup/test/var/www/html/pms/framework/web/CWebApplication.php(282): Account_testController->run()
#3 /backup/test/var/www/html/pms/framework/web/CWebApplication.php(141): CWebApplication->runController()
#4 /backup/test/var/www/html/pms/framework/base/CApplication.php(185): CWebApplication->processRequest()
#5 /backup/test/var/www/html/pms/index.php(14): CWebApplication->run()
REQUEST_URI=/pms/index.php?r=Account_test/check
2017/09/14 20:22:23 [error] [php] Undefined index: role_id (/backup/test/var/www/html/pms/protected/controllers/Account_testController.php:422)
Stack trace:
#0 /backup/test/var/www/html/pms/framework/web/CController.php(286): Account_testController->runAction()
#1 /backup/test/var/www/html/pms/framework/web/CController.php(265): Account_testController->runActionWithFilters()
#2 /backup/test/var/www/html/pms/framework/web/CWebApplication.php(282): Account_testController->run()
#3 /backup/test/var/www/html/pms/framework/web/CWebApplication.php(141): CWebApplication->runController()
#4 /backup/test/var/www/html/pms/framework/base/CApplication.php(185): CWebApplication->processRequest()
#5 /backup/test/var/www/html/pms/index.php(14): CWebApplication->run()
REQUEST_URI=/pms/index.php?r=Account_test/check
2017/09/14 20:25:20 [error] [exception.CHttpException.404] CHttpException: Unable to resolve the request "libs/Blob.js/BlobBuilder.js". in /backup/test/var/www/html/pms/framework/web/CWebApplication.php:286
Stack trace:
#0 /backup/test/var/www/html/pms/framework/web/CWebApplication.php(141): CWebApplication->runController('libs/Blob.js/Bl...')
#1 /backup/test/var/www/html/pms/framework/base/CApplication.php(185): CWebApplication->processRequest()
#2 /backup/test/var/www/html/pms/index.php(14): CApplication->run()
#3 {main}
REQUEST_URI=//pms/index.php/libs/Blob.js/BlobBuilder.js
HTTP_REFERER=https://kritva.in//pms/index.php/Setgoals
---
2017/09/14 20:25:20 [error] [exception.CHttpException.404] CHttpException: Unable to resolve the request "libs/Blob.js/BlobBuilder.js". in /backup/test/var/www/html/pms/framework/web/CWebApplication.php:286
Stack trace:
#0 /backup/test/var/www/html/pms/framework/web/CWebApplication.php(141): CWebApplication->runController('libs/Blob.js/Bl...')
#1 /backup/test/var/www/html/pms/framework/base/CApplication.php(185): CWebApplication->processRequest()
#2 /backup/test/var/www/html/pms/index.php(14): CApplication->run()
#3 {main}
REQUEST_URI=//pms/index.php/libs/Blob.js/BlobBuilder.js
HTTP_REFERER=https://kritva.in//pms/index.php/Setgoals
---
2017/09/14 20:27:19 [error] [exception.CHttpException.404] CHttpException: Unable to resolve the request "libs/Blob.js/BlobBuilder.js". in /backup/test/var/www/html/pms/framework/web/CWebApplication.php:286
Stack trace:
#0 /backup/test/var/www/html/pms/framework/web/CWebApplication.php(141): CWebApplication->runController('libs/Blob.js/Bl...')
#1 /backup/test/var/www/html/pms/framework/base/CApplication.php(185): CWebApplication->processRequest()
#2 /backup/test/var/www/html/pms/index.php(14): CApplication->run()
#3 {main}
REQUEST_URI=//pms/index.php/libs/Blob.js/BlobBuilder.js
HTTP_REFERER=https://kritva.in//pms/index.php/Setgoals
---
2017/09/14 20:27:20 [error] [exception.CHttpException.404] CHttpException: Unable to resolve the request "libs/Blob.js/BlobBuilder.js". in /backup/test/var/www/html/pms/framework/web/CWebApplication.php:286
Stack trace:
#0 /backup/test/var/www/html/pms/framework/web/CWebApplication.php(141): CWebApplication->runController('libs/Blob.js/Bl...')
#1 /backup/test/var/www/html/pms/framework/base/CApplication.php(185): CWebApplication->processRequest()
#2 /backup/test/var/www/html/pms/index.php(14): CApplication->run()
#3 {main}
REQUEST_URI=//pms/index.php/libs/Blob.js/BlobBuilder.js
HTTP_REFERER=https://kritva.in//pms/index.php/Setgoals
---
2017/09/14 20:27:56 [error] [exception.CHttpException.404] CHttpException: Unable to resolve the request "libs/Blob.js/BlobBuilder.js". in /backup/test/var/www/html/pms/framework/web/CWebApplication.php:286
Stack trace:
#0 /backup/test/var/www/html/pms/framework/web/CWebApplication.php(141): CWebApplication->runController('libs/Blob.js/Bl...')
#1 /backup/test/var/www/html/pms/framework/base/CApplication.php(185): CWebApplication->processRequest()
#2 /backup/test/var/www/html/pms/index.php(14): CApplication->run()
#3 {main}
REQUEST_URI=//pms/index.php/libs/Blob.js/BlobBuilder.js
HTTP_REFERER=https://kritva.in//pms/index.php/Setgoals
---
2017/09/14 20:27:58 [error] [exception.CHttpException.404] CHttpException: Unable to resolve the request "libs/Blob.js/BlobBuilder.js". in /backup/test/var/www/html/pms/framework/web/CWebApplication.php:286
Stack trace:
#0 /backup/test/var/www/html/pms/framework/web/CWebApplication.php(141): CWebApplication->runController('libs/Blob.js/Bl...')
#1 /backup/test/var/www/html/pms/framework/base/CApplication.php(185): CWebApplication->processRequest()
#2 /backup/test/var/www/html/pms/index.php(14): CApplication->run()
#3 {main}
REQUEST_URI=//pms/index.php/libs/Blob.js/BlobBuilder.js
HTTP_REFERER=https://kritva.in//pms/index.php/Setgoals
---
2017/09/14 20:28:05 [error] [exception.CHttpException.404] CHttpException: Unable to resolve the request "libs/Blob.js/BlobBuilder.js". in /backup/test/var/www/html/pms/framework/web/CWebApplication.php:286
Stack trace:
#0 /backup/test/var/www/html/pms/framework/web/CWebApplication.php(141): CWebApplication->runController('libs/Blob.js/Bl...')
#1 /backup/test/var/www/html/pms/framework/base/CApplication.php(185): CWebApplication->processRequest()
#2 /backup/test/var/www/html/pms/index.php(14): CApplication->run()
#3 {main}
REQUEST_URI=//pms/index.php/libs/Blob.js/BlobBuilder.js
HTTP_REFERER=https://kritva.in//pms/index.php/Setgoals
---
2017/09/14 20:28:05 [error] [exception.CHttpException.404] CHttpException: Unable to resolve the request "libs/Blob.js/BlobBuilder.js". in /backup/test/var/www/html/pms/framework/web/CWebApplication.php:286
Stack trace:
#0 /backup/test/var/www/html/pms/framework/web/CWebApplication.php(141): CWebApplication->runController('libs/Blob.js/Bl...')
#1 /backup/test/var/www/html/pms/framework/base/CApplication.php(185): CWebApplication->processRequest()
#2 /backup/test/var/www/html/pms/index.php(14): CApplication->run()
#3 {main}
REQUEST_URI=//pms/index.php/libs/Blob.js/BlobBuilder.js
HTTP_REFERER=https://kritva.in//pms/index.php/Setgoals
---
2017/09/14 20:28:48 [error] [exception.CHttpException.404] CHttpException: Unable to resolve the request "libs/Blob.js/BlobBuilder.js". in /backup/test/var/www/html/pms/framework/web/CWebApplication.php:286
Stack trace:
#0 /backup/test/var/www/html/pms/framework/web/CWebApplication.php(141): CWebApplication->runController('libs/Blob.js/Bl...')
#1 /backup/test/var/www/html/pms/framework/base/CApplication.php(185): CWebApplication->processRequest()
#2 /backup/test/var/www/html/pms/index.php(14): CApplication->run()
#3 {main}
REQUEST_URI=//pms/index.php/libs/Blob.js/BlobBuilder.js
HTTP_REFERER=https://kritva.in//pms/index.php/Setgoals
---
2017/09/14 20:28:48 [error] [exception.CHttpException.404] CHttpException: Unable to resolve the request "libs/Blob.js/BlobBuilder.js". in /backup/test/var/www/html/pms/framework/web/CWebApplication.php:286
Stack trace:
#0 /backup/test/var/www/html/pms/framework/web/CWebApplication.php(141): CWebApplication->runController('libs/Blob.js/Bl...')
#1 /backup/test/var/www/html/pms/framework/base/CApplication.php(185): CWebApplication->processRequest()
#2 /backup/test/var/www/html/pms/index.php(14): CApplication->run()
#3 {main}
REQUEST_URI=//pms/index.php/libs/Blob.js/BlobBuilder.js
HTTP_REFERER=https://kritva.in//pms/index.php/Setgoals
---
2017/09/14 20:29:20 [error] [php] Undefined offset: 1 (/backup/test/var/www/html/pms/protected/views/site/set_goal_auto_save.php:12)
Stack trace:
#0 /backup/test/var/www/html/pms/framework/web/CController.php(869): SetgoalsController->renderFile()
#1 /backup/test/var/www/html/pms/framework/web/CController.php(782): SetgoalsController->renderPartial()
#2 /backup/test/var/www/html/pms/protected/controllers/SetgoalsController.php(101): SetgoalsController->render()
#3 /backup/test/var/www/html/pms/framework/web/actions/CInlineAction.php(49): SetgoalsController->actionIndex()
#4 /backup/test/var/www/html/pms/framework/web/CController.php(308): CInlineAction->runWithParams()
#5 /backup/test/var/www/html/pms/framework/web/CController.php(286): SetgoalsController->runAction()
#6 /backup/test/var/www/html/pms/framework/web/CController.php(265): SetgoalsController->runActionWithFilters()
#7 /backup/test/var/www/html/pms/framework/web/CWebApplication.php(282): SetgoalsController->run()
#8 /backup/test/var/www/html/pms/framework/web/CWebApplication.php(141): CWebApplication->runController()
#9 /backup/test/var/www/html/pms/framework/base/CApplication.php(185): CWebApplication->processRequest()
#10 /backup/test/var/www/html/pms/index.php(14): CWebApplication->run()
REQUEST_URI=//pms/index.php/Setgoals
2017/09/14 20:30:00 [error] [php] Undefined offset: 1 (/backup/test/var/www/html/pms/protected/views/site/set_goal_auto_save.php:12)
Stack trace:
#0 /backup/test/var/www/html/pms/framework/web/CController.php(869): SetgoalsController->renderFile()
#1 /backup/test/var/www/html/pms/framework/web/CController.php(782): SetgoalsController->renderPartial()
#2 /backup/test/var/www/html/pms/protected/controllers/SetgoalsController.php(101): SetgoalsController->render()
#3 /backup/test/var/www/html/pms/framework/web/actions/CInlineAction.php(49): SetgoalsController->actionIndex()
#4 /backup/test/var/www/html/pms/framework/web/CController.php(308): CInlineAction->runWithParams()
#5 /backup/test/var/www/html/pms/framework/web/CController.php(286): SetgoalsController->runAction()
#6 /backup/test/var/www/html/pms/framework/web/CController.php(265): SetgoalsController->runActionWithFilters()
#7 /backup/test/var/www/html/pms/framework/web/CWebApplication.php(282): SetgoalsController->run()
#8 /backup/test/var/www/html/pms/framework/web/CWebApplication.php(141): CWebApplication->runController()
#9 /backup/test/var/www/html/pms/framework/base/CApplication.php(185): CWebApplication->processRequest()
#10 /backup/test/var/www/html/pms/index.php(14): CWebApplication->run()
REQUEST_URI=//pms/index.php/Setgoals
2017/09/14 20:30:32 [error] [php] Undefined offset: 1 (/backup/test/var/www/html/pms/protected/views/site/set_goal_auto_save.php:12)
Stack trace:
#0 /backup/test/var/www/html/pms/framework/web/CController.php(869): SetgoalsController->renderFile()
#1 /backup/test/var/www/html/pms/framework/web/CController.php(782): SetgoalsController->renderPartial()
#2 /backup/test/var/www/html/pms/protected/controllers/SetgoalsController.php(101): SetgoalsController->render()
#3 /backup/test/var/www/html/pms/framework/web/actions/CInlineAction.php(49): SetgoalsController->actionIndex()
#4 /backup/test/var/www/html/pms/framework/web/CController.php(308): CInlineAction->runWithParams()
#5 /backup/test/var/www/html/pms/framework/web/CController.php(286): SetgoalsController->runAction()
#6 /backup/test/var/www/html/pms/framework/web/CController.php(265): SetgoalsController->runActionWithFilters()
#7 /backup/test/var/www/html/pms/framework/web/CWebApplication.php(282): SetgoalsController->run()
#8 /backup/test/var/www/html/pms/framework/web/CWebApplication.php(141): CWebApplication->runController()
#9 /backup/test/var/www/html/pms/framework/base/CApplication.php(185): CWebApplication->processRequest()
#10 /backup/test/var/www/html/pms/index.php(14): CWebApplication->run()
REQUEST_URI=/pms/index.php/Setgoals
2017/09/14 20:33:08 [error] [php] Undefined offset: 1 (/backup/test/var/www/html/pms/protected/views/site/set_goal_auto_save.php:12)
Stack trace:
#0 /backup/test/var/www/html/pms/framework/web/CController.php(869): SetgoalsController->renderFile()
#1 /backup/test/var/www/html/pms/framework/web/CController.php(782): SetgoalsController->renderPartial()
#2 /backup/test/var/www/html/pms/protected/controllers/SetgoalsController.php(101): SetgoalsController->render()
#3 /backup/test/var/www/html/pms/framework/web/actions/CInlineAction.php(49): SetgoalsController->actionIndex()
#4 /backup/test/var/www/html/pms/framework/web/CController.php(308): CInlineAction->runWithParams()
#5 /backup/test/var/www/html/pms/framework/web/CController.php(286): SetgoalsController->runAction()
#6 /backup/test/var/www/html/pms/framework/web/CController.php(265): SetgoalsController->runActionWithFilters()
#7 /backup/test/var/www/html/pms/framework/web/CWebApplication.php(282): SetgoalsController->run()
#8 /backup/test/var/www/html/pms/framework/web/CWebApplication.php(141): CWebApplication->runController()
#9 /backup/test/var/www/html/pms/framework/base/CApplication.php(185): CWebApplication->processRequest()
#10 /backup/test/var/www/html/pms/index.php(14): CWebApplication->run()
REQUEST_URI=/pms/index.php/Setgoals
2017/09/14 20:33:42 [error] [php] Undefined offset: 1 (/backup/test/var/www/html/pms/protected/views/site/set_goal_auto_save.php:12)
Stack trace:
#0 /backup/test/var/www/html/pms/framework/web/CController.php(869): SetgoalsController->renderFile()
#1 /backup/test/var/www/html/pms/framework/web/CController.php(782): SetgoalsController->renderPartial()
#2 /backup/test/var/www/html/pms/protected/controllers/SetgoalsController.php(101): SetgoalsController->render()
#3 /backup/test/var/www/html/pms/framework/web/actions/CInlineAction.php(49): SetgoalsController->actionIndex()
#4 /backup/test/var/www/html/pms/framework/web/CController.php(308): CInlineAction->runWithParams()
#5 /backup/test/var/www/html/pms/framework/web/CController.php(286): SetgoalsController->runAction()
#6 /backup/test/var/www/html/pms/framework/web/CController.php(265): SetgoalsController->runActionWithFilters()
#7 /backup/test/var/www/html/pms/framework/web/CWebApplication.php(282): SetgoalsController->run()
#8 /backup/test/var/www/html/pms/framework/web/CWebApplication.php(141): CWebApplication->runController()
#9 /backup/test/var/www/html/pms/framework/base/CApplication.php(185): CWebApplication->processRequest()
#10 /backup/test/var/www/html/pms/index.php(14): CWebApplication->run()
REQUEST_URI=/pms/index.php/Setgoals
2017/09/14 20:35:54 [error] [exception.CHttpException.404] CHttpException: Unable to resolve the request "libs/Blob.js/BlobBuilder.js". in /backup/test/var/www/html/pms/framework/web/CWebApplication.php:286
Stack trace:
#0 /backup/test/var/www/html/pms/framework/web/CWebApplication.php(141): CWebApplication->runController('libs/Blob.js/Bl...')
#1 /backup/test/var/www/html/pms/framework/base/CApplication.php(185): CWebApplication->processRequest()
#2 /backup/test/var/www/html/pms/index.php(14): CApplication->run()
#3 {main}
REQUEST_URI=/pms/index.php/libs/Blob.js/BlobBuilder.js
HTTP_REFERER=https://kritva.in/pms/index.php/Setgoals
---
2017/09/14 20:35:55 [error] [exception.CHttpException.404] CHttpException: Unable to resolve the request "libs/Blob.js/BlobBuilder.js". in /backup/test/var/www/html/pms/framework/web/CWebApplication.php:286
Stack trace:
#0 /backup/test/var/www/html/pms/framework/web/CWebApplication.php(141): CWebApplication->runController('libs/Blob.js/Bl...')
#1 /backup/test/var/www/html/pms/framework/base/CApplication.php(185): CWebApplication->processRequest()
#2 /backup/test/var/www/html/pms/index.php(14): CApplication->run()
#3 {main}
REQUEST_URI=/pms/index.php/libs/Blob.js/BlobBuilder.js
HTTP_REFERER=https://kritva.in/pms/index.php/Setgoals
---
2017/09/14 20:36:03 [error] [exception.CHttpException.404] CHttpException: Unable to resolve the request "libs/Blob.js/BlobBuilder.js". in /backup/test/var/www/html/pms/framework/web/CWebApplication.php:286
Stack trace:
#0 /backup/test/var/www/html/pms/framework/web/CWebApplication.php(141): CWebApplication->runController('libs/Blob.js/Bl...')
#1 /backup/test/var/www/html/pms/framework/base/CApplication.php(185): CWebApplication->processRequest()
#2 /backup/test/var/www/html/pms/index.php(14): CApplication->run()
#3 {main}
REQUEST_URI=/pms/index.php/libs/Blob.js/BlobBuilder.js
HTTP_REFERER=https://kritva.in/pms/index.php/Setgoals
---
2017/09/14 20:36:03 [error] [exception.CHttpException.404] CHttpException: Unable to resolve the request "libs/Blob.js/BlobBuilder.js". in /backup/test/var/www/html/pms/framework/web/CWebApplication.php:286
Stack trace:
#0 /backup/test/var/www/html/pms/framework/web/CWebApplication.php(141): CWebApplication->runController('libs/Blob.js/Bl...')
#1 /backup/test/var/www/html/pms/framework/base/CApplication.php(185): CWebApplication->processRequest()
#2 /backup/test/var/www/html/pms/index.php(14): CApplication->run()
#3 {main}
REQUEST_URI=/pms/index.php/libs/Blob.js/BlobBuilder.js
HTTP_REFERER=https://kritva.in/pms/index.php/Setgoals
---
2017/09/14 20:36:21 [error] [exception.CHttpException.404] CHttpException: Unable to resolve the request "libs/Blob.js/BlobBuilder.js". in /backup/test/var/www/html/pms/framework/web/CWebApplication.php:286
Stack trace:
#0 /backup/test/var/www/html/pms/framework/web/CWebApplication.php(141): CWebApplication->runController('libs/Blob.js/Bl...')
#1 /backup/test/var/www/html/pms/framework/base/CApplication.php(185): CWebApplication->processRequest()
#2 /backup/test/var/www/html/pms/index.php(14): CApplication->run()
#3 {main}
REQUEST_URI=/pms/index.php/libs/Blob.js/BlobBuilder.js
HTTP_REFERER=https://kritva.in/pms/index.php/Setgoals
---
2017/09/14 20:36:22 [error] [exception.CHttpException.404] CHttpException: Unable to resolve the request "libs/Blob.js/BlobBuilder.js". in /backup/test/var/www/html/pms/framework/web/CWebApplication.php:286
Stack trace:
#0 /backup/test/var/www/html/pms/framework/web/CWebApplication.php(141): CWebApplication->runController('libs/Blob.js/Bl...')
#1 /backup/test/var/www/html/pms/framework/base/CApplication.php(185): CWebApplication->processRequest()
#2 /backup/test/var/www/html/pms/index.php(14): CApplication->run()
#3 {main}
REQUEST_URI=/pms/index.php/libs/Blob.js/BlobBuilder.js
HTTP_REFERER=https://kritva.in/pms/index.php/Setgoals
---
2017/09/14 20:37:51 [error] [exception.CHttpException.404] CHttpException: Unable to resolve the request "libs/Blob.js/BlobBuilder.js". in /backup/test/var/www/html/pms/framework/web/CWebApplication.php:286
Stack trace:
#0 /backup/test/var/www/html/pms/framework/web/CWebApplication.php(141): CWebApplication->runController('libs/Blob.js/Bl...')
#1 /backup/test/var/www/html/pms/framework/base/CApplication.php(185): CWebApplication->processRequest()
#2 /backup/test/var/www/html/pms/index.php(14): CApplication->run()
#3 {main}
REQUEST_URI=//pms/index.php/libs/Blob.js/BlobBuilder.js
HTTP_REFERER=https://kritva.in//pms/index.php/Setgoals
---
2017/09/14 20:37:52 [error] [exception.CHttpException.404] CHttpException: Unable to resolve the request "libs/Blob.js/BlobBuilder.js". in /backup/test/var/www/html/pms/framework/web/CWebApplication.php:286
Stack trace:
#0 /backup/test/var/www/html/pms/framework/web/CWebApplication.php(141): CWebApplication->runController('libs/Blob.js/Bl...')
#1 /backup/test/var/www/html/pms/framework/base/CApplication.php(185): CWebApplication->processRequest()
#2 /backup/test/var/www/html/pms/index.php(14): CApplication->run()
#3 {main}
REQUEST_URI=//pms/index.php/libs/Blob.js/BlobBuilder.js
HTTP_REFERER=https://kritva.in//pms/index.php/Setgoals
---
2017/09/14 20:37:56 [error] [exception.CHttpException.404] CHttpException: Unable to resolve the request "libs/Blob.js/BlobBuilder.js". in /backup/test/var/www/html/pms/framework/web/CWebApplication.php:286
Stack trace:
#0 /backup/test/var/www/html/pms/framework/web/CWebApplication.php(141): CWebApplication->runController('libs/Blob.js/Bl...')
#1 /backup/test/var/www/html/pms/framework/base/CApplication.php(185): CWebApplication->processRequest()
#2 /backup/test/var/www/html/pms/index.php(14): CApplication->run()
#3 {main}
REQUEST_URI=//pms/index.php/libs/Blob.js/BlobBuilder.js
HTTP_REFERER=https://kritva.in//pms/index.php/Setgoals
---
2017/09/14 20:37:57 [error] [exception.CHttpException.404] CHttpException: Unable to resolve the request "libs/Blob.js/BlobBuilder.js". in /backup/test/var/www/html/pms/framework/web/CWebApplication.php:286
Stack trace:
#0 /backup/test/var/www/html/pms/framework/web/CWebApplication.php(141): CWebApplication->runController('libs/Blob.js/Bl...')
#1 /backup/test/var/www/html/pms/framework/base/CApplication.php(185): CWebApplication->processRequest()
#2 /backup/test/var/www/html/pms/index.php(14): CApplication->run()
#3 {main}
REQUEST_URI=//pms/index.php/libs/Blob.js/BlobBuilder.js
HTTP_REFERER=https://kritva.in//pms/index.php/Setgoals
---
2017/09/14 20:38:12 [error] [exception.CHttpException.404] CHttpException: Unable to resolve the request "libs/Blob.js/BlobBuilder.js". in /backup/test/var/www/html/pms/framework/web/CWebApplication.php:286
Stack trace:
#0 /backup/test/var/www/html/pms/framework/web/CWebApplication.php(141): CWebApplication->runController('libs/Blob.js/Bl...')
#1 /backup/test/var/www/html/pms/framework/base/CApplication.php(185): CWebApplication->processRequest()
#2 /backup/test/var/www/html/pms/index.php(14): CApplication->run()
#3 {main}
REQUEST_URI=//pms/index.php/libs/Blob.js/BlobBuilder.js
HTTP_REFERER=https://kritva.in//pms/index.php/Setgoals
---
2017/09/14 20:38:13 [error] [exception.CHttpException.404] CHttpException: Unable to resolve the request "libs/Blob.js/BlobBuilder.js". in /backup/test/var/www/html/pms/framework/web/CWebApplication.php:286
Stack trace:
#0 /backup/test/var/www/html/pms/framework/web/CWebApplication.php(141): CWebApplication->runController('libs/Blob.js/Bl...')
#1 /backup/test/var/www/html/pms/framework/base/CApplication.php(185): CWebApplication->processRequest()
#2 /backup/test/var/www/html/pms/index.php(14): CApplication->run()
#3 {main}
REQUEST_URI=//pms/index.php/libs/Blob.js/BlobBuilder.js
HTTP_REFERER=https://kritva.in//pms/index.php/Setgoals
---
2017/09/14 20:38:43 [error] [exception.CHttpException.404] CHttpException: Unable to resolve the request "libs/Blob.js/BlobBuilder.js". in /backup/test/var/www/html/pms/framework/web/CWebApplication.php:286
Stack trace:
#0 /backup/test/var/www/html/pms/framework/web/CWebApplication.php(141): CWebApplication->runController('libs/Blob.js/Bl...')
#1 /backup/test/var/www/html/pms/framework/base/CApplication.php(185): CWebApplication->processRequest()
#2 /backup/test/var/www/html/pms/index.php(14): CApplication->run()
#3 {main}
REQUEST_URI=//pms/index.php/libs/Blob.js/BlobBuilder.js
HTTP_REFERER=https://kritva.in//pms/index.php/Setgoals
---
2017/09/14 20:38:44 [error] [exception.CHttpException.404] CHttpException: Unable to resolve the request "libs/Blob.js/BlobBuilder.js". in /backup/test/var/www/html/pms/framework/web/CWebApplication.php:286
Stack trace:
#0 /backup/test/var/www/html/pms/framework/web/CWebApplication.php(141): CWebApplication->runController('libs/Blob.js/Bl...')
#1 /backup/test/var/www/html/pms/framework/base/CApplication.php(185): CWebApplication->processRequest()
#2 /backup/test/var/www/html/pms/index.php(14): CApplication->run()
#3 {main}
REQUEST_URI=//pms/index.php/libs/Blob.js/BlobBuilder.js
HTTP_REFERER=https://kritva.in//pms/index.php/Setgoals
---
2017/09/14 20:38:47 [error] [exception.CHttpException.404] CHttpException: Unable to resolve the request "libs/Blob.js/BlobBuilder.js". in /backup/test/var/www/html/pms/framework/web/CWebApplication.php:286
Stack trace:
#0 /backup/test/var/www/html/pms/framework/web/CWebApplication.php(141): CWebApplication->runController('libs/Blob.js/Bl...')
#1 /backup/test/var/www/html/pms/framework/base/CApplication.php(185): CWebApplication->processRequest()
#2 /backup/test/var/www/html/pms/index.php(14): CApplication->run()
#3 {main}
REQUEST_URI=//pms/index.php/libs/Blob.js/BlobBuilder.js
HTTP_REFERER=https://kritva.in//pms/index.php/Setgoals
---
2017/09/14 20:38:48 [error] [exception.CHttpException.404] CHttpException: Unable to resolve the request "libs/Blob.js/BlobBuilder.js". in /backup/test/var/www/html/pms/framework/web/CWebApplication.php:286
Stack trace:
#0 /backup/test/var/www/html/pms/framework/web/CWebApplication.php(141): CWebApplication->runController('libs/Blob.js/Bl...')
#1 /backup/test/var/www/html/pms/framework/base/CApplication.php(185): CWebApplication->processRequest()
#2 /backup/test/var/www/html/pms/index.php(14): CApplication->run()
#3 {main}
REQUEST_URI=//pms/index.php/libs/Blob.js/BlobBuilder.js
HTTP_REFERER=https://kritva.in//pms/index.php/Setgoals
---
2017/09/14 20:39:04 [error] [exception.CHttpException.404] CHttpException: Unable to resolve the request "libs/Blob.js/BlobBuilder.js". in /backup/test/var/www/html/pms/framework/web/CWebApplication.php:286
Stack trace:
#0 /backup/test/var/www/html/pms/framework/web/CWebApplication.php(141): CWebApplication->runController('libs/Blob.js/Bl...')
#1 /backup/test/var/www/html/pms/framework/base/CApplication.php(185): CWebApplication->processRequest()
#2 /backup/test/var/www/html/pms/index.php(14): CApplication->run()
#3 {main}
REQUEST_URI=//pms/index.php/libs/Blob.js/BlobBuilder.js
HTTP_REFERER=https://kritva.in//pms/index.php/Setgoals
---
2017/09/14 20:39:04 [error] [exception.CHttpException.404] CHttpException: Unable to resolve the request "libs/Blob.js/BlobBuilder.js". in /backup/test/var/www/html/pms/framework/web/CWebApplication.php:286
Stack trace:
#0 /backup/test/var/www/html/pms/framework/web/CWebApplication.php(141): CWebApplication->runController('libs/Blob.js/Bl...')
#1 /backup/test/var/www/html/pms/framework/base/CApplication.php(185): CWebApplication->processRequest()
#2 /backup/test/var/www/html/pms/index.php(14): CApplication->run()
#3 {main}
REQUEST_URI=//pms/index.php/libs/Blob.js/BlobBuilder.js
HTTP_REFERER=https://kritva.in//pms/index.php/Setgoals
---
2017/09/15 06:29:29 [error] [exception.CHttpException.404] CHttpException: Unable to resolve the request "libs/Blob.js/BlobBuilder.js". in /backup/test/var/www/html/pms/framework/web/CWebApplication.php:286
Stack trace:
#0 /backup/test/var/www/html/pms/framework/web/CWebApplication.php(141): CWebApplication->runController('libs/Blob.js/Bl...')
#1 /backup/test/var/www/html/pms/framework/base/CApplication.php(185): CWebApplication->processRequest()
#2 /backup/test/var/www/html/pms/index.php(14): CApplication->run()
#3 {main}
REQUEST_URI=//pms/index.php/libs/Blob.js/BlobBuilder.js
HTTP_REFERER=https://kritva.in//pms/index.php/Setgoals
---
2017/09/15 06:29:30 [error] [exception.CHttpException.404] CHttpException: Unable to resolve the request "libs/Blob.js/BlobBuilder.js". in /backup/test/var/www/html/pms/framework/web/CWebApplication.php:286
Stack trace:
#0 /backup/test/var/www/html/pms/framework/web/CWebApplication.php(141): CWebApplication->runController('libs/Blob.js/Bl...')
#1 /backup/test/var/www/html/pms/framework/base/CApplication.php(185): CWebApplication->processRequest()
#2 /backup/test/var/www/html/pms/index.php(14): CApplication->run()
#3 {main}
REQUEST_URI=//pms/index.php/libs/Blob.js/BlobBuilder.js
HTTP_REFERER=https://kritva.in//pms/index.php/Setgoals
---
2017/09/15 06:29:40 [error] [exception.CHttpException.404] CHttpException: Unable to resolve the request "libs/Blob.js/BlobBuilder.js". in /backup/test/var/www/html/pms/framework/web/CWebApplication.php:286
Stack trace:
#0 /backup/test/var/www/html/pms/framework/web/CWebApplication.php(141): CWebApplication->runController('libs/Blob.js/Bl...')
#1 /backup/test/var/www/html/pms/framework/base/CApplication.php(185): CWebApplication->processRequest()
#2 /backup/test/var/www/html/pms/index.php(14): CApplication->run()
#3 {main}
REQUEST_URI=//pms/index.php/libs/Blob.js/BlobBuilder.js
HTTP_REFERER=https://kritva.in//pms/index.php/Setgoals
---
2017/09/15 06:29:40 [error] [exception.CHttpException.404] CHttpException: Unable to resolve the request "libs/Blob.js/BlobBuilder.js". in /backup/test/var/www/html/pms/framework/web/CWebApplication.php:286
Stack trace:
#0 /backup/test/var/www/html/pms/framework/web/CWebApplication.php(141): CWebApplication->runController('libs/Blob.js/Bl...')
#1 /backup/test/var/www/html/pms/framework/base/CApplication.php(185): CWebApplication->processRequest()
#2 /backup/test/var/www/html/pms/index.php(14): CApplication->run()
#3 {main}
REQUEST_URI=//pms/index.php/libs/Blob.js/BlobBuilder.js
HTTP_REFERER=https://kritva.in//pms/index.php/Setgoals
---
2017/09/15 11:08:23 [error] [exception.CHttpException.404] CHttpException: Unable to resolve the request "libs/Blob.js/BlobBuilder.js". in /backup/test/var/www/html/pms/framework/web/CWebApplication.php:286
Stack trace:
#0 /backup/test/var/www/html/pms/framework/web/CWebApplication.php(141): CWebApplication->runController('libs/Blob.js/Bl...')
#1 /backup/test/var/www/html/pms/framework/base/CApplication.php(185): CWebApplication->processRequest()
#2 /backup/test/var/www/html/pms/index.php(14): CApplication->run()
#3 {main}
REQUEST_URI=/pms/index.php/libs/Blob.js/BlobBuilder.js
HTTP_REFERER=https://kritva.in/pms/index.php/Setgoals
---
2017/09/15 11:08:24 [error] [exception.CHttpException.404] CHttpException: Unable to resolve the request "libs/Blob.js/BlobBuilder.js". in /backup/test/var/www/html/pms/framework/web/CWebApplication.php:286
Stack trace:
#0 /backup/test/var/www/html/pms/framework/web/CWebApplication.php(141): CWebApplication->runController('libs/Blob.js/Bl...')
#1 /backup/test/var/www/html/pms/framework/base/CApplication.php(185): CWebApplication->processRequest()
#2 /backup/test/var/www/html/pms/index.php(14): CApplication->run()
#3 {main}
REQUEST_URI=/pms/index.php/libs/Blob.js/BlobBuilder.js
HTTP_REFERER=https://kritva.in/pms/index.php/Setgoals
---
2017/09/15 12:03:53 [error] [exception.CHttpException.404] CHttpException: Unable to resolve the request "favicon.ico". in /backup/test/var/www/html/pms/framework/web/CWebApplication.php:286
Stack trace:
#0 /backup/test/var/www/html/pms/framework/web/CWebApplication.php(141): CWebApplication->runController('favicon.ico')
#1 /backup/test/var/www/html/pms/framework/base/CApplication.php(185): CWebApplication->processRequest()
#2 /backup/test/var/www/html/pms/index.php(14): CApplication->run()
#3 {main}
REQUEST_URI=/pms/index.php/favicon.ico
---
